

Microchip MPLAB XC8 Assembler V2.32 build 20210201212658 
                                                                                               Fri Aug 20 19:13:04 2021

Microchip MPLAB XC8 C Compiler v2.32 (Free license) build 20210201212658 Og1 
     1                           	processor	16F887
     2                           	pagewidth 120
     3                           	opt	flic
     4                           	psect	cinit,global,class=CODE,merge=1,delta=2
     5                           	psect	bssCOMMON,global,class=COMMON,space=1,delta=1,noexec
     6                           	psect	cstackCOMMON,global,class=COMMON,space=1,delta=1,noexec
     7                           	psect	maintext,global,class=CODE,split=1,delta=2
     8                           	psect	text1,local,class=CODE,merge=1,delta=2
     9                           	psect	text2,local,class=CODE,merge=1,delta=2
    10                           	psect	text3,local,class=CODE,merge=1,delta=2
    11                           	psect	text4,local,class=CODE,merge=1,delta=2
    12                           	psect	intentry,global,class=CODE,delta=2
    13                           	psect	config,global,abs,ovrld,class=CONFIG,space=4,delta=2,noexec
    14                           	dabs	1,0x7E,2
    15  0000                     
    16                           ; Version 2.20
    17                           ; Generated 12/02/2020 GMT
    18                           ; 
    19                           ; Copyright © 2020, Microchip Technology Inc. and its subsidiaries ("Microchip")
    20                           ; All rights reserved.
    21                           ; 
    22                           ; This software is developed by Microchip Technology Inc. and its subsidiaries ("Microch
      +                          ip").
    23                           ; 
    24                           ; Redistribution and use in source and binary forms, with or without modification, are
    25                           ; permitted provided that the following conditions are met:
    26                           ; 
    27                           ;     1. Redistributions of source code must retain the above copyright notice, this lis
      +                          t of
    28                           ;        conditions and the following disclaimer.
    29                           ; 
    30                           ;     2. Redistributions in binary form must reproduce the above copyright notice, this 
      +                          list
    31                           ;        of conditions and the following disclaimer in the documentation and/or other
    32                           ;        materials provided with the distribution.
    33                           ; 
    34                           ;     3. Microchip's name may not be used to endorse or promote products derived from th
      +                          is
    35                           ;        software without specific prior written permission.
    36                           ; 
    37                           ; THIS SOFTWARE IS PROVIDED BY MICROCHIP "AS IS" AND ANY EXPRESS OR IMPLIED WARRANTIES,
    38                           ; INCLUDING, BUT NOT LIMITED TO, THE IMPLIED WARRANTIES OF MERCHANTABILITY AND FITNESS F
      +                          OR
    39                           ; PURPOSE ARE DISCLAIMED.  IN NO EVENT SHALL MICROCHIP BE LIABLE FOR ANY DIRECT, INDIREC
      +                          T,
    40                           ; INCIDENTAL, SPECIAL, EXEMPLARY, OR CONSEQUENTIAL DAMAGES (INCLUDING BUT NOT LIMITED TO
    41                           ; PROCUREMENT OF SUBSTITUTE GOODS OR SERVICES; LOSS OF USE, DATA OR PROFITS; OR BUSINESS
    42                           ; INTERRUPTION) HOWSOEVER CAUSED AND ON ANY THEORY OF LIABILITY, WHETHER IN CONTRACT, ST
      +                          RICT
    43                           ; LIABILITY, OR TORT (INCLUDING NEGLIGENCE OR OTHERWISE) ARISING IN ANY WAY OUT OF THE U
      +                          SE OF
    44                           ; THIS SOFTWARE, EVEN IF ADVISED OF THE POSSIBILITY OF SUCH DAMAGE.
    45                           ; 
    46                           ; 
    47                           ; Code-generator required, PIC16F887 Definitions
    48                           ; 
    49                           ; SFR Addresses
    50  0000                     	;# 
    51  0001                     	;# 
    52  0002                     	;# 
    53  0003                     	;# 
    54  0004                     	;# 
    55  0005                     	;# 
    56  0006                     	;# 
    57  0007                     	;# 
    58  0008                     	;# 
    59  0009                     	;# 
    60  000A                     	;# 
    61  000B                     	;# 
    62  000C                     	;# 
    63  000D                     	;# 
    64  000E                     	;# 
    65  000E                     	;# 
    66  000F                     	;# 
    67  0010                     	;# 
    68  0011                     	;# 
    69  0012                     	;# 
    70  0013                     	;# 
    71  0014                     	;# 
    72  0015                     	;# 
    73  0015                     	;# 
    74  0016                     	;# 
    75  0017                     	;# 
    76  0018                     	;# 
    77  0019                     	;# 
    78  001A                     	;# 
    79  001B                     	;# 
    80  001B                     	;# 
    81  001C                     	;# 
    82  001D                     	;# 
    83  001E                     	;# 
    84  001F                     	;# 
    85  0081                     	;# 
    86  0085                     	;# 
    87  0086                     	;# 
    88  0087                     	;# 
    89  0088                     	;# 
    90  0089                     	;# 
    91  008C                     	;# 
    92  008D                     	;# 
    93  008E                     	;# 
    94  008F                     	;# 
    95  0090                     	;# 
    96  0091                     	;# 
    97  0092                     	;# 
    98  0093                     	;# 
    99  0093                     	;# 
   100  0093                     	;# 
   101  0094                     	;# 
   102  0095                     	;# 
   103  0096                     	;# 
   104  0097                     	;# 
   105  0098                     	;# 
   106  0099                     	;# 
   107  009A                     	;# 
   108  009B                     	;# 
   109  009C                     	;# 
   110  009D                     	;# 
   111  009E                     	;# 
   112  009F                     	;# 
   113  0105                     	;# 
   114  0107                     	;# 
   115  0108                     	;# 
   116  0109                     	;# 
   117  010C                     	;# 
   118  010C                     	;# 
   119  010D                     	;# 
   120  010E                     	;# 
   121  010F                     	;# 
   122  0185                     	;# 
   123  0187                     	;# 
   124  0188                     	;# 
   125  0189                     	;# 
   126  018C                     	;# 
   127  018D                     	;# 
   128  0000                     	;# 
   129  0001                     	;# 
   130  0002                     	;# 
   131  0003                     	;# 
   132  0004                     	;# 
   133  0005                     	;# 
   134  0006                     	;# 
   135  0007                     	;# 
   136  0008                     	;# 
   137  0009                     	;# 
   138  000A                     	;# 
   139  000B                     	;# 
   140  000C                     	;# 
   141  000D                     	;# 
   142  000E                     	;# 
   143  000E                     	;# 
   144  000F                     	;# 
   145  0010                     	;# 
   146  0011                     	;# 
   147  0012                     	;# 
   148  0013                     	;# 
   149  0014                     	;# 
   150  0015                     	;# 
   151  0015                     	;# 
   152  0016                     	;# 
   153  0017                     	;# 
   154  0018                     	;# 
   155  0019                     	;# 
   156  001A                     	;# 
   157  001B                     	;# 
   158  001B                     	;# 
   159  001C                     	;# 
   160  001D                     	;# 
   161  001E                     	;# 
   162  001F                     	;# 
   163  0081                     	;# 
   164  0085                     	;# 
   165  0086                     	;# 
   166  0087                     	;# 
   167  0088                     	;# 
   168  0089                     	;# 
   169  008C                     	;# 
   170  008D                     	;# 
   171  008E                     	;# 
   172  008F                     	;# 
   173  0090                     	;# 
   174  0091                     	;# 
   175  0092                     	;# 
   176  0093                     	;# 
   177  0093                     	;# 
   178  0093                     	;# 
   179  0094                     	;# 
   180  0095                     	;# 
   181  0096                     	;# 
   182  0097                     	;# 
   183  0098                     	;# 
   184  0099                     	;# 
   185  009A                     	;# 
   186  009B                     	;# 
   187  009C                     	;# 
   188  009D                     	;# 
   189  009E                     	;# 
   190  009F                     	;# 
   191  0105                     	;# 
   192  0107                     	;# 
   193  0108                     	;# 
   194  0109                     	;# 
   195  010C                     	;# 
   196  010C                     	;# 
   197  010D                     	;# 
   198  010E                     	;# 
   199  010F                     	;# 
   200  0185                     	;# 
   201  0187                     	;# 
   202  0188                     	;# 
   203  0189                     	;# 
   204  018C                     	;# 
   205  018D                     	;# 
   206  0000                     	;# 
   207  0001                     	;# 
   208  0002                     	;# 
   209  0003                     	;# 
   210  0004                     	;# 
   211  0005                     	;# 
   212  0006                     	;# 
   213  0007                     	;# 
   214  0008                     	;# 
   215  0009                     	;# 
   216  000A                     	;# 
   217  000B                     	;# 
   218  000C                     	;# 
   219  000D                     	;# 
   220  000E                     	;# 
   221  000E                     	;# 
   222  000F                     	;# 
   223  0010                     	;# 
   224  0011                     	;# 
   225  0012                     	;# 
   226  0013                     	;# 
   227  0014                     	;# 
   228  0015                     	;# 
   229  0015                     	;# 
   230  0016                     	;# 
   231  0017                     	;# 
   232  0018                     	;# 
   233  0019                     	;# 
   234  001A                     	;# 
   235  001B                     	;# 
   236  001B                     	;# 
   237  001C                     	;# 
   238  001D                     	;# 
   239  001E                     	;# 
   240  001F                     	;# 
   241  0081                     	;# 
   242  0085                     	;# 
   243  0086                     	;# 
   244  0087                     	;# 
   245  0088                     	;# 
   246  0089                     	;# 
   247  008C                     	;# 
   248  008D                     	;# 
   249  008E                     	;# 
   250  008F                     	;# 
   251  0090                     	;# 
   252  0091                     	;# 
   253  0092                     	;# 
   254  0093                     	;# 
   255  0093                     	;# 
   256  0093                     	;# 
   257  0094                     	;# 
   258  0095                     	;# 
   259  0096                     	;# 
   260  0097                     	;# 
   261  0098                     	;# 
   262  0099                     	;# 
   263  009A                     	;# 
   264  009B                     	;# 
   265  009C                     	;# 
   266  009D                     	;# 
   267  009E                     	;# 
   268  009F                     	;# 
   269  0105                     	;# 
   270  0107                     	;# 
   271  0108                     	;# 
   272  0109                     	;# 
   273  010C                     	;# 
   274  010C                     	;# 
   275  010D                     	;# 
   276  010E                     	;# 
   277  010F                     	;# 
   278  0185                     	;# 
   279  0187                     	;# 
   280  0188                     	;# 
   281  0189                     	;# 
   282  018C                     	;# 
   283  018D                     	;# 
   284  0000                     	;# 
   285  0001                     	;# 
   286  0002                     	;# 
   287  0003                     	;# 
   288  0004                     	;# 
   289  0005                     	;# 
   290  0006                     	;# 
   291  0007                     	;# 
   292  0008                     	;# 
   293  0009                     	;# 
   294  000A                     	;# 
   295  000B                     	;# 
   296  000C                     	;# 
   297  000D                     	;# 
   298  000E                     	;# 
   299  000E                     	;# 
   300  000F                     	;# 
   301  0010                     	;# 
   302  0011                     	;# 
   303  0012                     	;# 
   304  0013                     	;# 
   305  0014                     	;# 
   306  0015                     	;# 
   307  0015                     	;# 
   308  0016                     	;# 
   309  0017                     	;# 
   310  0018                     	;# 
   311  0019                     	;# 
   312  001A                     	;# 
   313  001B                     	;# 
   314  001B                     	;# 
   315  001C                     	;# 
   316  001D                     	;# 
   317  001E                     	;# 
   318  001F                     	;# 
   319  0081                     	;# 
   320  0085                     	;# 
   321  0086                     	;# 
   322  0087                     	;# 
   323  0088                     	;# 
   324  0089                     	;# 
   325  008C                     	;# 
   326  008D                     	;# 
   327  008E                     	;# 
   328  008F                     	;# 
   329  0090                     	;# 
   330  0091                     	;# 
   331  0092                     	;# 
   332  0093                     	;# 
   333  0093                     	;# 
   334  0093                     	;# 
   335  0094                     	;# 
   336  0095                     	;# 
   337  0096                     	;# 
   338  0097                     	;# 
   339  0098                     	;# 
   340  0099                     	;# 
   341  009A                     	;# 
   342  009B                     	;# 
   343  009C                     	;# 
   344  009D                     	;# 
   345  009E                     	;# 
   346  009F                     	;# 
   347  0105                     	;# 
   348  0107                     	;# 
   349  0108                     	;# 
   350  0109                     	;# 
   351  010C                     	;# 
   352  010C                     	;# 
   353  010D                     	;# 
   354  010E                     	;# 
   355  010F                     	;# 
   356  0185                     	;# 
   357  0187                     	;# 
   358  0188                     	;# 
   359  0189                     	;# 
   360  018C                     	;# 
   361  018D                     	;# 
   362  0014                     _SSPCON	set	20
   363  0009                     _PORTE	set	9
   364  0008                     _PORTD	set	8
   365  0007                     _PORTC	set	7
   366  0006                     _PORTB	set	6
   367  0005                     _PORTA	set	5
   368  0013                     _SSPBUF	set	19
   369  0014                     _SSPCONbits	set	20
   370  000C                     _PIR1bits	set	12
   371  0008                     _PORTDbits	set	8
   372  0006                     _PORTBbits	set	6
   373  000B                     _INTCONbits	set	11
   374  0063                     _SSPIF	set	99
   375  005E                     _PEIE	set	94
   376  005F                     _GIE	set	95
   377  0091                     _SSPCON2bits	set	145
   378  0087                     _TRISCbits	set	135
   379  0094                     _SSPSTAT	set	148
   380  0093                     _SSPADD	set	147
   381  0091                     _SSPCON2	set	145
   382  008F                     _OSCCONbits	set	143
   383  0081                     _OPTION_REG	set	129
   384  0095                     _WPUBbits	set	149
   385  0096                     _IOCBbits	set	150
   386  0089                     _TRISEbits	set	137
   387  0088                     _TRISD	set	136
   388  0087                     _TRISC	set	135
   389  0086                     _TRISB	set	134
   390  0085                     _TRISA	set	133
   391  0094                     _SSPSTATbits	set	148
   392  0463                     _SSPIE	set	1123
   393  043C                     _TRISC4	set	1084
   394  043B                     _TRISC3	set	1083
   395  04A0                     _BF	set	1184
   396  0189                     _ANSELH	set	393
   397  0188                     _ANSEL	set	392
   398                           
   399                           	psect	cinit
   400  000F                     start_initialization:	
   401                           ; #config settings
   402                           
   403  000F                     __initialization:
   404                           
   405                           ; Clear objects allocated to COMMON
   406  000F  01F7               	clrf	__pbssCOMMON& (0+127)
   407  0010  01F8               	clrf	(__pbssCOMMON+1)& (0+127)
   408  0011  01F9               	clrf	(__pbssCOMMON+2)& (0+127)
   409  0012  01FA               	clrf	(__pbssCOMMON+3)& (0+127)
   410  0013  01FB               	clrf	(__pbssCOMMON+4)& (0+127)
   411  0014                     end_of_initialization:	
   412                           ;End of C runtime variable initialization code
   413                           
   414  0014                     __end_of__initialization:
   415  0014  0183               	clrf	3
   416  0015  120A  118A  2978   	ljmp	_main	;jump to C main() function
   417                           
   418                           	psect	bssCOMMON
   419  0077                     __pbssCOMMON:
   420  0077                     _BASURA:
   421  0077                     	ds	1
   422  0078                     _cc:
   423  0078                     	ds	1
   424  0079                     _z:
   425  0079                     	ds	1
   426  007A                     _PARQUEO:
   427  007A                     	ds	1
   428  007B                     _antirrebote:
   429  007B                     	ds	1
   430                           
   431                           	psect	cstackCOMMON
   432  0070                     __pcstackCOMMON:
   433  0070                     ?_setup:
   434  0070                     ?_osc_config:	
   435                           ; 1 bytes @ 0x0
   436                           
   437  0070                     ?_I2C_Slave_Init:	
   438                           ; 1 bytes @ 0x0
   439                           
   440  0070                     ?_isr:	
   441                           ; 1 bytes @ 0x0
   442                           
   443  0070                     ??_isr:	
   444                           ; 1 bytes @ 0x0
   445                           
   446  0070                     ?_main:	
   447                           ; 1 bytes @ 0x0
   448                           
   449                           
   450                           ; 1 bytes @ 0x0
   451  0070                     	ds	3
   452  0073                     ??_osc_config:
   453  0073                     ??_I2C_Slave_Init:	
   454                           ; 1 bytes @ 0x3
   455                           
   456  0073                     I2C_Slave_Init@address:	
   457                           ; 1 bytes @ 0x3
   458                           
   459                           
   460                           ; 1 bytes @ 0x3
   461  0073                     	ds	2
   462  0075                     osc_config@freq:
   463                           
   464                           ; 1 bytes @ 0x5
   465  0075                     	ds	1
   466  0076                     ??_setup:
   467                           
   468                           ; 1 bytes @ 0x6
   469  0076                     	ds	1
   470  0077                     ??_main:
   471                           
   472                           	psect	maintext
   473  0178                     __pmaintext:	
   474                           ; 1 bytes @ 0x7
   475 ;;
   476 ;;Main: autosize = 0, tempsize = 0, incstack = 0, save=0
   477 ;;
   478 ;; *************** function _main *****************
   479 ;; Defined at:
   480 ;;		line 137 in file "main.c"
   481 ;; Parameters:    Size  Location     Type
   482 ;;		None
   483 ;; Auto vars:     Size  Location     Type
   484 ;;		None
   485 ;; Return value:  Size  Location     Type
   486 ;;                  1    wreg      void 
   487 ;; Registers used:
   488 ;;		wreg, fsr0l, fsr0h, status,2, status,0, pclath, cstack
   489 ;; Tracked objects:
   490 ;;		On entry : B00/0
   491 ;;		On exit  : 0/0
   492 ;;		Unchanged: 0/0
   493 ;; Data sizes:     COMMON   BANK0   BANK1   BANK3   BANK2
   494 ;;      Params:         0       0       0       0       0
   495 ;;      Locals:         0       0       0       0       0
   496 ;;      Temps:          0       0       0       0       0
   497 ;;      Totals:         0       0       0       0       0
   498 ;;Total ram usage:        0 bytes
   499 ;; Hardware stack levels required when called: 3
   500 ;; This function calls:
   501 ;;		_setup
   502 ;; This function is called by:
   503 ;;		Startup code after reset
   504 ;; This function uses a non-reentrant model
   505 ;;
   506                           
   507                           
   508                           ;psect for function _main
   509  0178                     _main:
   510  0178                     l963:	
   511                           ;incstack = 0
   512                           ; Regs used in _main: [wreg-fsr0h+status,2+status,0+pclath+cstack]
   513                           
   514                           
   515                           ;main.c: 140:     setup();
   516  0178  120A  118A  20B2  120A  118A  	fcall	_setup
   517  017D                     l94:	
   518                           ;main.c: 142:     while(1)
   519                           
   520  017D                     l95:	
   521                           ;main.c: 143:     {;main.c: 145:     }
   522                           
   523  017D  297D               	goto	l94
   524  017E  120A  118A  280C   	ljmp	start
   525  0181                     __end_of_main:
   526                           
   527                           	psect	text1
   528  00B2                     __ptext1:	
   529 ;; *************** function _setup *****************
   530 ;; Defined at:
   531 ;;		line 151 in file "main.c"
   532 ;; Parameters:    Size  Location     Type
   533 ;;		None
   534 ;; Auto vars:     Size  Location     Type
   535 ;;		None
   536 ;; Return value:  Size  Location     Type
   537 ;;                  1    wreg      void 
   538 ;; Registers used:
   539 ;;		wreg, fsr0l, fsr0h, status,2, status,0, pclath, cstack
   540 ;; Tracked objects:
   541 ;;		On entry : 0/0
   542 ;;		On exit  : 0/0
   543 ;;		Unchanged: 0/0
   544 ;; Data sizes:     COMMON   BANK0   BANK1   BANK3   BANK2
   545 ;;      Params:         0       0       0       0       0
   546 ;;      Locals:         0       0       0       0       0
   547 ;;      Temps:          1       0       0       0       0
   548 ;;      Totals:         1       0       0       0       0
   549 ;;Total ram usage:        1 bytes
   550 ;; Hardware stack levels used: 1
   551 ;; Hardware stack levels required when called: 2
   552 ;; This function calls:
   553 ;;		_I2C_Slave_Init
   554 ;;		_osc_config
   555 ;; This function is called by:
   556 ;;		_main
   557 ;; This function uses a non-reentrant model
   558 ;;
   559                           
   560                           
   561                           ;psect for function _setup
   562  00B2                     _setup:
   563  00B2                     l809:	
   564                           ;incstack = 0
   565                           ; Regs used in _setup: [wreg-fsr0h+status,2+status,0+pclath+cstack]
   566                           
   567                           
   568                           ;main.c: 154:     ANSEL=0;
   569  00B2  1683               	bsf	3,5	;RP0=1, select bank3
   570  00B3  1703               	bsf	3,6	;RP1=1, select bank3
   571  00B4  0188               	clrf	8	;volatile
   572                           
   573                           ;main.c: 155:     ANSELH=0;
   574  00B5  0189               	clrf	9	;volatile
   575                           
   576                           ;main.c: 157:     TRISA = 0;
   577  00B6  1683               	bsf	3,5	;RP0=1, select bank1
   578  00B7  1303               	bcf	3,6	;RP1=0, select bank1
   579  00B8  0185               	clrf	5	;volatile
   580  00B9                     l811:
   581                           
   582                           ;main.c: 158:     TRISB = 0b00000111;
   583  00B9  3007               	movlw	7
   584  00BA  0086               	movwf	6	;volatile
   585  00BB                     l813:
   586                           
   587                           ;main.c: 159:     TRISC = 0;
   588  00BB  0187               	clrf	7	;volatile
   589  00BC                     l815:
   590                           
   591                           ;main.c: 160:     TRISD = 0;
   592  00BC  0188               	clrf	8	;volatile
   593  00BD                     l817:
   594                           
   595                           ;main.c: 161:     TRISEbits.TRISE0=0;
   596  00BD  1009               	bcf	9,0	;volatile
   597  00BE                     l819:
   598                           
   599                           ;main.c: 164:     PORTA=0;
   600  00BE  1283               	bcf	3,5	;RP0=0, select bank0
   601  00BF  1303               	bcf	3,6	;RP1=0, select bank0
   602  00C0  0185               	clrf	5	;volatile
   603  00C1                     l821:
   604                           
   605                           ;main.c: 165:     PORTB=0;
   606  00C1  0186               	clrf	6	;volatile
   607  00C2                     l823:
   608                           
   609                           ;main.c: 166:     PORTC=0;
   610  00C2  0187               	clrf	7	;volatile
   611  00C3                     l825:
   612                           
   613                           ;main.c: 167:     PORTD=0;
   614  00C3  0188               	clrf	8	;volatile
   615  00C4                     l827:
   616                           
   617                           ;main.c: 168:     PORTE=0;
   618  00C4  0189               	clrf	9	;volatile
   619  00C5                     l829:
   620                           
   621                           ;main.c: 170:     osc_config(8);
   622  00C5  3008               	movlw	8
   623  00C6  120A  118A  2127  120A  118A  	fcall	_osc_config
   624  00CB                     l831:
   625                           
   626                           ;main.c: 172:     IOCBbits.IOCB0 = 1;
   627  00CB  1683               	bsf	3,5	;RP0=1, select bank1
   628  00CC  1303               	bcf	3,6	;RP1=0, select bank1
   629  00CD  1416               	bsf	22,0	;volatile
   630  00CE                     l833:
   631                           
   632                           ;main.c: 173:     IOCBbits.IOCB1 = 1;
   633  00CE  1496               	bsf	22,1	;volatile
   634  00CF                     l835:
   635                           
   636                           ;main.c: 174:     IOCBbits.IOCB2 = 1;
   637  00CF  1516               	bsf	22,2	;volatile
   638  00D0                     l837:
   639                           
   640                           ;main.c: 175:     WPUBbits.WPUB0 = 0;
   641  00D0  1015               	bcf	21,0	;volatile
   642  00D1                     l839:
   643                           
   644                           ;main.c: 176:     WPUBbits.WPUB1 = 0;
   645  00D1  1095               	bcf	21,1	;volatile
   646  00D2                     l841:
   647                           
   648                           ;main.c: 177:     WPUBbits.WPUB2 = 0;
   649  00D2  1115               	bcf	21,2	;volatile
   650  00D3                     l843:
   651                           
   652                           ;main.c: 178:     OPTION_REG = 0b01010111;
   653  00D3  3057               	movlw	87
   654  00D4  0081               	movwf	1	;volatile
   655  00D5                     l845:
   656                           
   657                           ;main.c: 182:     INTCONbits.GIE=1;
   658  00D5  178B               	bsf	11,7	;volatile
   659  00D6                     l847:
   660                           
   661                           ;main.c: 183:     INTCONbits.PEIE = 1;
   662  00D6  170B               	bsf	11,6	;volatile
   663  00D7                     l849:
   664                           
   665                           ;main.c: 184:     INTCONbits.RBIE=1;
   666  00D7  158B               	bsf	11,3	;volatile
   667  00D8                     l851:
   668                           
   669                           ;main.c: 185:     INTCONbits.RBIF=0;
   670  00D8  100B               	bcf	11,0	;volatile
   671  00D9                     l853:
   672                           
   673                           ;main.c: 186:     PARQUEO = 0;
   674  00D9  01FA               	clrf	_PARQUEO
   675  00DA                     l855:
   676                           
   677                           ;main.c: 187:     I2C_Slave_Init(0x50);
   678  00DA  3050               	movlw	80
   679  00DB  120A  118A  215E  120A  118A  	fcall	_I2C_Slave_Init
   680  00E0                     l857:
   681                           
   682                           ;main.c: 188:     PORTD = ~PORTB;
   683  00E0  1283               	bcf	3,5	;RP0=0, select bank0
   684  00E1  1303               	bcf	3,6	;RP1=0, select bank0
   685  00E2  0906               	comf	6,w	;volatile
   686  00E3  0088               	movwf	8	;volatile
   687  00E4                     l859:
   688                           
   689                           ;main.c: 189:     if (PORTB==1 || PORTB==2 || PORTB==4){
   690  00E4  0306               	decf	6,w	;volatile
   691  00E5  1903               	btfsc	3,2
   692  00E6  28E8               	goto	u11
   693  00E7  28E9               	goto	u10
   694  00E8                     u11:
   695  00E8  28F5               	goto	l102
   696  00E9                     u10:
   697  00E9                     l861:
   698  00E9  3002               	movlw	2
   699  00EA  0606               	xorwf	6,w	;volatile
   700  00EB  1903               	btfsc	3,2
   701  00EC  28EE               	goto	u21
   702  00ED  28EF               	goto	u20
   703  00EE                     u21:
   704  00EE  28F5               	goto	l102
   705  00EF                     u20:
   706  00EF                     l863:
   707  00EF  3004               	movlw	4
   708  00F0  0606               	xorwf	6,w	;volatile
   709  00F1  1D03               	btfss	3,2
   710  00F2  28F4               	goto	u31
   711  00F3  28F5               	goto	u30
   712  00F4                     u31:
   713  00F4  28F8               	goto	l865
   714  00F5                     u30:
   715  00F5                     l102:
   716                           
   717                           ;main.c: 190:         PARQUEO = 1;
   718  00F5  01FA               	clrf	_PARQUEO
   719  00F6  0AFA               	incf	_PARQUEO,f
   720                           
   721                           ;main.c: 191:     }
   722  00F7  2921               	goto	l881
   723  00F8                     l865:
   724  00F8  3003               	movlw	3
   725  00F9  0606               	xorwf	6,w	;volatile
   726  00FA  1903               	btfsc	3,2
   727  00FB  28FD               	goto	u41
   728  00FC  28FE               	goto	u40
   729  00FD                     u41:
   730  00FD  290A               	goto	l871
   731  00FE                     u40:
   732  00FE                     l867:
   733  00FE  3005               	movlw	5
   734  00FF  0606               	xorwf	6,w	;volatile
   735  0100  1903               	btfsc	3,2
   736  0101  2903               	goto	u51
   737  0102  2904               	goto	u50
   738  0103                     u51:
   739  0103  290A               	goto	l871
   740  0104                     u50:
   741  0104                     l869:
   742  0104  3006               	movlw	6
   743  0105  0606               	xorwf	6,w	;volatile
   744  0106  1D03               	btfss	3,2
   745  0107  2909               	goto	u61
   746  0108  290A               	goto	u60
   747  0109                     u61:
   748  0109  290F               	goto	l873
   749  010A                     u60:
   750  010A                     l871:
   751                           
   752                           ;main.c: 193:         PARQUEO = 2;
   753  010A  3002               	movlw	2
   754  010B  00F6               	movwf	??_setup
   755  010C  0876               	movf	??_setup,w
   756  010D  00FA               	movwf	_PARQUEO
   757                           
   758                           ;main.c: 194:     }
   759  010E  2921               	goto	l881
   760  010F                     l873:
   761  010F  3007               	movlw	7
   762  0110  0606               	xorwf	6,w	;volatile
   763  0111  1D03               	btfss	3,2
   764  0112  2914               	goto	u71
   765  0113  2915               	goto	u70
   766  0114                     u71:
   767  0114  291A               	goto	l877
   768  0115                     u70:
   769  0115                     l875:
   770                           
   771                           ;main.c: 196:         PARQUEO = 3;
   772  0115  3003               	movlw	3
   773  0116  00F6               	movwf	??_setup
   774  0117  0876               	movf	??_setup,w
   775  0118  00FA               	movwf	_PARQUEO
   776                           
   777                           ;main.c: 197:     }
   778  0119  2921               	goto	l881
   779  011A                     l877:
   780  011A  0806               	movf	6,w	;volatile
   781  011B  1D03               	btfss	3,2
   782  011C  291E               	goto	u81
   783  011D  291F               	goto	u80
   784  011E                     u81:
   785  011E  2921               	goto	l107
   786  011F                     u80:
   787  011F                     l879:
   788                           
   789                           ;main.c: 199:         PARQUEO = 0;
   790  011F  01FA               	clrf	_PARQUEO
   791  0120  2921               	goto	l881
   792  0121                     l107:
   793  0121                     l881:
   794                           
   795                           ;main.c: 201:     PORTDbits.RD3 = 0;
   796  0121  1188               	bcf	8,3	;volatile
   797  0122                     l883:
   798                           
   799                           ;main.c: 202:     PORTDbits.RD4 = 0;
   800  0122  1208               	bcf	8,4	;volatile
   801  0123                     l885:
   802                           
   803                           ;main.c: 203:     PORTDbits.RD5 = 0;
   804  0123  1288               	bcf	8,5	;volatile
   805  0124                     l887:
   806                           
   807                           ;main.c: 204:     PORTDbits.RD6 = 0;
   808  0124  1308               	bcf	8,6	;volatile
   809  0125                     l889:
   810                           
   811                           ;main.c: 205:     PORTDbits.RD7 = 0;
   812  0125  1388               	bcf	8,7	;volatile
   813  0126                     l111:
   814  0126  0008               	return
   815  0127                     __end_of_setup:
   816                           
   817                           	psect	text2
   818  0127                     __ptext2:	
   819 ;; *************** function _osc_config *****************
   820 ;; Defined at:
   821 ;;		line 17 in file "Osc_config.c"
   822 ;; Parameters:    Size  Location     Type
   823 ;;  freq            1    wreg     unsigned char 
   824 ;; Auto vars:     Size  Location     Type
   825 ;;  freq            1    5[COMMON] unsigned char 
   826 ;; Return value:  Size  Location     Type
   827 ;;                  1    wreg      void 
   828 ;; Registers used:
   829 ;;		wreg, fsr0l, fsr0h, status,2, status,0
   830 ;; Tracked objects:
   831 ;;		On entry : 0/0
   832 ;;		On exit  : 0/0
   833 ;;		Unchanged: 0/0
   834 ;; Data sizes:     COMMON   BANK0   BANK1   BANK3   BANK2
   835 ;;      Params:         0       0       0       0       0
   836 ;;      Locals:         1       0       0       0       0
   837 ;;      Temps:          2       0       0       0       0
   838 ;;      Totals:         3       0       0       0       0
   839 ;;Total ram usage:        3 bytes
   840 ;; Hardware stack levels used: 1
   841 ;; Hardware stack levels required when called: 1
   842 ;; This function calls:
   843 ;;		Nothing
   844 ;; This function is called by:
   845 ;;		_setup
   846 ;; This function uses a non-reentrant model
   847 ;;
   848                           
   849                           
   850                           ;psect for function _osc_config
   851  0127                     _osc_config:
   852                           
   853                           ;incstack = 0
   854                           ; Regs used in _osc_config: [wreg-fsr0h+status,2+status,0]
   855                           ;osc_config@freq stored from wreg
   856  0127  00F5               	movwf	osc_config@freq
   857  0128                     l769:
   858                           
   859                           ;Osc_config.c: 17: void osc_config(uint8_t freq);Osc_config.c: 18: {;Osc_config.c: 19:  
      +                             switch(freq)
   860  0128  2947               	goto	l789
   861  0129                     l771:
   862                           
   863                           ;Osc_config.c: 22:             OSCCONbits.IRCF=0b100;
   864  0129  1683               	bsf	3,5	;RP0=1, select bank1
   865  012A  1303               	bcf	3,6	;RP1=0, select bank1
   866  012B  080F               	movf	15,w	;volatile
   867  012C  398F               	andlw	-113
   868  012D  3840               	iorlw	64
   869  012E  008F               	movwf	15	;volatile
   870  012F                     l773:
   871                           
   872                           ;Osc_config.c: 23:             OSCCONbits.SCS=1;
   873  012F  140F               	bsf	15,0	;volatile
   874                           
   875                           ;Osc_config.c: 24:             break;
   876  0130  295D               	goto	l122
   877  0131                     l775:
   878                           
   879                           ;Osc_config.c: 27:             OSCCONbits.IRCF=0b101;
   880  0131  1683               	bsf	3,5	;RP0=1, select bank1
   881  0132  1303               	bcf	3,6	;RP1=0, select bank1
   882  0133  080F               	movf	15,w	;volatile
   883  0134  398F               	andlw	-113
   884  0135  3850               	iorlw	80
   885  0136  008F               	movwf	15	;volatile
   886  0137                     l777:
   887                           
   888                           ;Osc_config.c: 28:             OSCCONbits.SCS=1;
   889  0137  140F               	bsf	15,0	;volatile
   890                           
   891                           ;Osc_config.c: 29:             break;
   892  0138  295D               	goto	l122
   893  0139                     l779:
   894                           
   895                           ;Osc_config.c: 32:             OSCCONbits.IRCF=0b110;
   896  0139  1683               	bsf	3,5	;RP0=1, select bank1
   897  013A  1303               	bcf	3,6	;RP1=0, select bank1
   898  013B  080F               	movf	15,w	;volatile
   899  013C  398F               	andlw	-113
   900  013D  3860               	iorlw	96
   901  013E  008F               	movwf	15	;volatile
   902  013F                     l781:
   903                           
   904                           ;Osc_config.c: 33:             OSCCONbits.SCS=1;
   905  013F  140F               	bsf	15,0	;volatile
   906                           
   907                           ;Osc_config.c: 34:             break;
   908  0140  295D               	goto	l122
   909  0141                     l783:
   910                           
   911                           ;Osc_config.c: 37:             OSCCONbits.IRCF=0b111;
   912  0141  3070               	movlw	112
   913  0142  1683               	bsf	3,5	;RP0=1, select bank1
   914  0143  1303               	bcf	3,6	;RP1=0, select bank1
   915  0144  048F               	iorwf	15,f	;volatile
   916  0145                     l785:
   917                           
   918                           ;Osc_config.c: 38:             OSCCONbits.SCS=1;
   919  0145  140F               	bsf	15,0	;volatile
   920                           
   921                           ;Osc_config.c: 39:             break;
   922  0146  295D               	goto	l122
   923  0147                     l789:
   924  0147  0875               	movf	osc_config@freq,w
   925  0148  00F3               	movwf	??_osc_config
   926  0149  01F4               	clrf	??_osc_config+1
   927                           
   928                           ; Switch on 2 bytes has been partitioned into a top level switch of size 1, and 1 sub-sw
      +                          itches
   929                           ; Switch size 1, requested type "simple"
   930                           ; Number of cases is 1, Range of values is 0 to 0
   931                           ; switch strategies available:
   932                           ; Name         Instructions Cycles
   933                           ; simple_byte            4     3 (average)
   934                           ; direct_byte           11     8 (fixed)
   935                           ; jumptable            260     6 (fixed)
   936                           ;	Chosen strategy is simple_byte
   937  014A  0874               	movf	??_osc_config+1,w
   938  014B  3A00               	xorlw	0	; case 0
   939  014C  1903               	skipnz
   940  014D  294F               	goto	l1025
   941  014E  295D               	goto	l122
   942  014F                     l1025:
   943                           
   944                           ; Switch size 1, requested type "simple"
   945                           ; Number of cases is 4, Range of values is 1 to 8
   946                           ; switch strategies available:
   947                           ; Name         Instructions Cycles
   948                           ; simple_byte           13     7 (average)
   949                           ; direct_byte           35    11 (fixed)
   950                           ; jumptable            263     9 (fixed)
   951                           ;	Chosen strategy is simple_byte
   952  014F  0873               	movf	??_osc_config,w
   953  0150  3A01               	xorlw	1	; case 1
   954  0151  1903               	skipnz
   955  0152  2929               	goto	l771
   956  0153  3A03               	xorlw	3	; case 2
   957  0154  1903               	skipnz
   958  0155  2931               	goto	l775
   959  0156  3A06               	xorlw	6	; case 4
   960  0157  1903               	skipnz
   961  0158  2939               	goto	l779
   962  0159  3A0C               	xorlw	12	; case 8
   963  015A  1903               	skipnz
   964  015B  2941               	goto	l783
   965  015C  295D               	goto	l122
   966  015D                     l122:
   967  015D  0008               	return
   968  015E                     __end_of_osc_config:
   969                           
   970                           	psect	text3
   971  015E                     __ptext3:	
   972 ;; *************** function _I2C_Slave_Init *****************
   973 ;; Defined at:
   974 ;;		line 93 in file "I2C.c"
   975 ;; Parameters:    Size  Location     Type
   976 ;;  address         1    wreg     unsigned char 
   977 ;; Auto vars:     Size  Location     Type
   978 ;;  address         1    3[COMMON] unsigned char 
   979 ;; Return value:  Size  Location     Type
   980 ;;                  1    wreg      void 
   981 ;; Registers used:
   982 ;;		wreg
   983 ;; Tracked objects:
   984 ;;		On entry : 0/0
   985 ;;		On exit  : 0/0
   986 ;;		Unchanged: 0/0
   987 ;; Data sizes:     COMMON   BANK0   BANK1   BANK3   BANK2
   988 ;;      Params:         0       0       0       0       0
   989 ;;      Locals:         1       0       0       0       0
   990 ;;      Temps:          0       0       0       0       0
   991 ;;      Totals:         1       0       0       0       0
   992 ;;Total ram usage:        1 bytes
   993 ;; Hardware stack levels used: 1
   994 ;; Hardware stack levels required when called: 1
   995 ;; This function calls:
   996 ;;		Nothing
   997 ;; This function is called by:
   998 ;;		_setup
   999 ;; This function uses a non-reentrant model
  1000 ;;
  1001                           
  1002                           
  1003                           ;psect for function _I2C_Slave_Init
  1004  015E                     _I2C_Slave_Init:
  1005                           
  1006                           ;incstack = 0
  1007                           ; Regs used in _I2C_Slave_Init: [wreg]
  1008                           ;I2C_Slave_Init@address stored from wreg
  1009  015E  00F3               	movwf	I2C_Slave_Init@address
  1010  015F                     l795:
  1011                           
  1012                           ;I2C.c: 93: void I2C_Slave_Init(uint8_t address);I2C.c: 94: {;I2C.c: 95:     SSPADD = ad
      +                          dress;
  1013  015F  0873               	movf	I2C_Slave_Init@address,w
  1014  0160  1683               	bsf	3,5	;RP0=1, select bank1
  1015  0161  1303               	bcf	3,6	;RP1=0, select bank1
  1016  0162  0093               	movwf	19	;volatile
  1017                           
  1018                           ;I2C.c: 96:     SSPCON = 0x36;
  1019  0163  3036               	movlw	54
  1020  0164  1283               	bcf	3,5	;RP0=0, select bank0
  1021  0165  1303               	bcf	3,6	;RP1=0, select bank0
  1022  0166  0094               	movwf	20	;volatile
  1023                           
  1024                           ;I2C.c: 97:     SSPSTAT = 0x80;
  1025  0167  3080               	movlw	128
  1026  0168  1683               	bsf	3,5	;RP0=1, select bank1
  1027  0169  1303               	bcf	3,6	;RP1=0, select bank1
  1028  016A  0094               	movwf	20	;volatile
  1029                           
  1030                           ;I2C.c: 98:     SSPCON2 = 0x01;
  1031  016B  3001               	movlw	1
  1032  016C  0091               	movwf	17	;volatile
  1033  016D                     l797:
  1034                           
  1035                           ;I2C.c: 99:     TRISC3 = 1;
  1036  016D  1587               	bsf	7,3	;volatile
  1037  016E                     l799:
  1038                           
  1039                           ;I2C.c: 100:     TRISC4 = 1;
  1040  016E  1607               	bsf	7,4	;volatile
  1041  016F                     l801:
  1042                           
  1043                           ;I2C.c: 101:     GIE = 1;
  1044  016F  178B               	bsf	11,7	;volatile
  1045  0170                     l803:
  1046                           
  1047                           ;I2C.c: 102:     PEIE = 1;
  1048  0170  170B               	bsf	11,6	;volatile
  1049  0171                     l805:
  1050                           
  1051                           ;I2C.c: 103:     SSPIF = 0;
  1052  0171  1283               	bcf	3,5	;RP0=0, select bank0
  1053  0172  1303               	bcf	3,6	;RP1=0, select bank0
  1054  0173  118C               	bcf	12,3	;volatile
  1055  0174                     l807:
  1056                           
  1057                           ;I2C.c: 104:     SSPIE = 1;
  1058  0174  1683               	bsf	3,5	;RP0=1, select bank1
  1059  0175  1303               	bcf	3,6	;RP1=0, select bank1
  1060  0176  158C               	bsf	12,3	;volatile
  1061  0177                     l177:
  1062  0177  0008               	return
  1063  0178                     __end_of_I2C_Slave_Init:
  1064                           
  1065                           	psect	text4
  1066  0018                     __ptext4:	
  1067 ;; *************** function _isr *****************
  1068 ;; Defined at:
  1069 ;;		line 64 in file "main.c"
  1070 ;; Parameters:    Size  Location     Type
  1071 ;;		None
  1072 ;; Auto vars:     Size  Location     Type
  1073 ;;		None
  1074 ;; Return value:  Size  Location     Type
  1075 ;;                  1    wreg      void 
  1076 ;; Registers used:
  1077 ;;		wreg, status,2, status,0
  1078 ;; Tracked objects:
  1079 ;;		On entry : 0/0
  1080 ;;		On exit  : 0/0
  1081 ;;		Unchanged: 0/0
  1082 ;; Data sizes:     COMMON   BANK0   BANK1   BANK3   BANK2
  1083 ;;      Params:         0       0       0       0       0
  1084 ;;      Locals:         0       0       0       0       0
  1085 ;;      Temps:          3       0       0       0       0
  1086 ;;      Totals:         3       0       0       0       0
  1087 ;;Total ram usage:        3 bytes
  1088 ;; Hardware stack levels used: 1
  1089 ;; This function calls:
  1090 ;;		Nothing
  1091 ;; This function is called by:
  1092 ;;		Interrupt level 1
  1093 ;; This function uses a non-reentrant model
  1094 ;;
  1095                           
  1096                           
  1097                           ;psect for function _isr
  1098  0018                     _isr:
  1099  0018                     i1l895:
  1100                           
  1101                           ;main.c: 67:     if (INTCONbits.RBIF)
  1102  0018  1C0B               	btfss	11,0	;volatile
  1103  0019  281B               	goto	u11_21
  1104  001A  281C               	goto	u11_20
  1105  001B                     u11_21:
  1106  001B  284F               	goto	i1l929
  1107  001C                     u11_20:
  1108  001C                     i1l897:
  1109                           
  1110                           ;main.c: 68:     {;main.c: 69:         INTCONbits.RBIF = 0;
  1111  001C  100B               	bcf	11,0	;volatile
  1112  001D                     i1l899:
  1113                           
  1114                           ;main.c: 70:         cc=0;
  1115  001D  01F8               	clrf	_cc
  1116  001E                     i1l901:
  1117                           
  1118                           ;main.c: 71:         if (PORTBbits.RB0 == 0)
  1119  001E  1283               	bcf	3,5	;RP0=0, select bank0
  1120  001F  1303               	bcf	3,6	;RP1=0, select bank0
  1121  0020  1806               	btfsc	6,0	;volatile
  1122  0021  2823               	goto	u12_21
  1123  0022  2824               	goto	u12_20
  1124  0023                     u12_21:
  1125  0023  2825               	goto	i1l70
  1126  0024                     u12_20:
  1127  0024                     i1l903:
  1128                           
  1129                           ;main.c: 72:         {;main.c: 73:             PORTDbits.RD0 = 1;
  1130  0024  1408               	bsf	8,0	;volatile
  1131  0025                     i1l70:	
  1132                           ;main.c: 74:         }
  1133                           
  1134                           
  1135                           ;main.c: 75:         if (PORTBbits.RB0 == 1)
  1136  0025  1C06               	btfss	6,0	;volatile
  1137  0026  2828               	goto	u13_21
  1138  0027  2829               	goto	u13_20
  1139  0028                     u13_21:
  1140  0028  282E               	goto	i1l909
  1141  0029                     u13_20:
  1142  0029                     i1l905:
  1143                           
  1144                           ;main.c: 76:         {;main.c: 77:             cc++;
  1145  0029  3001               	movlw	1
  1146  002A  00F0               	movwf	??_isr
  1147  002B  0870               	movf	??_isr,w
  1148  002C  07F8               	addwf	_cc,f
  1149  002D                     i1l907:
  1150                           
  1151                           ;main.c: 78:             PORTDbits.RD0 = 0;
  1152  002D  1008               	bcf	8,0	;volatile
  1153  002E                     i1l909:
  1154                           
  1155                           ;main.c: 80:         if (PORTBbits.RB1 == 0)
  1156  002E  1886               	btfsc	6,1	;volatile
  1157  002F  2831               	goto	u14_21
  1158  0030  2832               	goto	u14_20
  1159  0031                     u14_21:
  1160  0031  2833               	goto	i1l72
  1161  0032                     u14_20:
  1162  0032                     i1l911:
  1163                           
  1164                           ;main.c: 81:         {;main.c: 82:             PORTDbits.RD1 = 1;
  1165  0032  1488               	bsf	8,1	;volatile
  1166  0033                     i1l72:	
  1167                           ;main.c: 83:         }
  1168                           
  1169                           
  1170                           ;main.c: 84:         if(PORTBbits.RB1 == 1)
  1171  0033  1C86               	btfss	6,1	;volatile
  1172  0034  2836               	goto	u15_21
  1173  0035  2837               	goto	u15_20
  1174  0036                     u15_21:
  1175  0036  283C               	goto	i1l917
  1176  0037                     u15_20:
  1177  0037                     i1l913:
  1178                           
  1179                           ;main.c: 85:         {;main.c: 86:             cc++;
  1180  0037  3001               	movlw	1
  1181  0038  00F0               	movwf	??_isr
  1182  0039  0870               	movf	??_isr,w
  1183  003A  07F8               	addwf	_cc,f
  1184  003B                     i1l915:
  1185                           
  1186                           ;main.c: 87:             PORTDbits.RD1 = 0;
  1187  003B  1088               	bcf	8,1	;volatile
  1188  003C                     i1l917:
  1189                           
  1190                           ;main.c: 89:         if (PORTBbits.RB2 == 0)
  1191  003C  1906               	btfsc	6,2	;volatile
  1192  003D  283F               	goto	u16_21
  1193  003E  2840               	goto	u16_20
  1194  003F                     u16_21:
  1195  003F  2841               	goto	i1l74
  1196  0040                     u16_20:
  1197  0040                     i1l919:
  1198                           
  1199                           ;main.c: 90:         {;main.c: 91:             PORTDbits.RD2 = 1;
  1200  0040  1508               	bsf	8,2	;volatile
  1201  0041                     i1l74:	
  1202                           ;main.c: 92:         }
  1203                           
  1204                           
  1205                           ;main.c: 93:         if (PORTBbits.RB2 == 1)
  1206  0041  1D06               	btfss	6,2	;volatile
  1207  0042  2844               	goto	u17_21
  1208  0043  2845               	goto	u17_20
  1209  0044                     u17_21:
  1210  0044  284A               	goto	i1l925
  1211  0045                     u17_20:
  1212  0045                     i1l921:
  1213                           
  1214                           ;main.c: 94:         {;main.c: 95:             cc++;
  1215  0045  3001               	movlw	1
  1216  0046  00F0               	movwf	??_isr
  1217  0047  0870               	movf	??_isr,w
  1218  0048  07F8               	addwf	_cc,f
  1219  0049                     i1l923:
  1220                           
  1221                           ;main.c: 96:             PORTDbits.RD2 = 0;
  1222  0049  1108               	bcf	8,2	;volatile
  1223  004A                     i1l925:
  1224                           
  1225                           ;main.c: 98:         PARQUEO = cc;
  1226  004A  0878               	movf	_cc,w
  1227  004B  00F0               	movwf	??_isr
  1228  004C  0870               	movf	??_isr,w
  1229  004D  00FA               	movwf	_PARQUEO
  1230  004E                     i1l927:
  1231                           
  1232                           ;main.c: 99:         cc = 0;
  1233  004E  01F8               	clrf	_cc
  1234  004F                     i1l929:
  1235                           
  1236                           ;main.c: 101:     if(PIR1bits.SSPIF == 1){
  1237  004F  1283               	bcf	3,5	;RP0=0, select bank0
  1238  0050  1303               	bcf	3,6	;RP1=0, select bank0
  1239  0051  1D8C               	btfss	12,3	;volatile
  1240  0052  2854               	goto	u18_21
  1241  0053  2855               	goto	u18_20
  1242  0054                     u18_21:
  1243  0054  28AB               	goto	i1l89
  1244  0055                     u18_20:
  1245  0055                     i1l931:
  1246                           
  1247                           ;main.c: 103:         SSPCONbits.CKP = 0;
  1248  0055  1214               	bcf	20,4	;volatile
  1249                           
  1250                           ;main.c: 105:         if ((SSPCONbits.SSPOV) || (SSPCONbits.WCOL)){
  1251  0056  1B14               	btfsc	20,6	;volatile
  1252  0057  2859               	goto	u19_21
  1253  0058  285A               	goto	u19_20
  1254  0059                     u19_21:
  1255  0059  285E               	goto	i1l935
  1256  005A                     u19_20:
  1257  005A                     i1l933:
  1258  005A  1F94               	btfss	20,7	;volatile
  1259  005B  285D               	goto	u20_21
  1260  005C  285E               	goto	u20_20
  1261  005D                     u20_21:
  1262  005D  2865               	goto	i1l943
  1263  005E                     u20_20:
  1264  005E                     i1l935:
  1265                           
  1266                           ;main.c: 106:             z = SSPBUF;
  1267  005E  0813               	movf	19,w	;volatile
  1268  005F  00F0               	movwf	??_isr
  1269  0060  0870               	movf	??_isr,w
  1270  0061  00F9               	movwf	_z
  1271  0062                     i1l937:
  1272                           
  1273                           ;main.c: 107:             SSPCONbits.SSPOV = 0;
  1274  0062  1314               	bcf	20,6	;volatile
  1275  0063                     i1l939:
  1276                           
  1277                           ;main.c: 108:             SSPCONbits.WCOL = 0;
  1278  0063  1394               	bcf	20,7	;volatile
  1279  0064                     i1l941:
  1280                           
  1281                           ;main.c: 109:             SSPCONbits.CKP = 1;
  1282  0064  1614               	bsf	20,4	;volatile
  1283  0065                     i1l943:
  1284                           
  1285                           ;main.c: 112:         if(!SSPSTATbits.D_nA && !SSPSTATbits.R_nW) {
  1286  0065  1683               	bsf	3,5	;RP0=1, select bank1
  1287  0066  1303               	bcf	3,6	;RP1=0, select bank1
  1288  0067  1A94               	btfsc	20,5	;volatile
  1289  0068  286A               	goto	u21_21
  1290  0069  286B               	goto	u21_20
  1291  006A                     u21_21:
  1292  006A  2888               	goto	i1l80
  1293  006B                     u21_20:
  1294  006B                     i1l945:
  1295  006B  1914               	btfsc	20,2	;volatile
  1296  006C  286E               	goto	u22_21
  1297  006D  286F               	goto	u22_20
  1298  006E                     u22_21:
  1299  006E  2888               	goto	i1l80
  1300  006F                     u22_20:
  1301  006F                     i1l947:
  1302                           
  1303                           ;main.c: 113:             z = SSPBUF;
  1304  006F  1283               	bcf	3,5	;RP0=0, select bank0
  1305  0070  1303               	bcf	3,6	;RP1=0, select bank0
  1306  0071  0813               	movf	19,w	;volatile
  1307  0072  00F0               	movwf	??_isr
  1308  0073  0870               	movf	??_isr,w
  1309  0074  00F9               	movwf	_z
  1310  0075                     i1l949:
  1311                           
  1312                           ;main.c: 114:             PIR1bits.SSPIF = 0;
  1313  0075  118C               	bcf	12,3	;volatile
  1314  0076                     i1l951:
  1315                           
  1316                           ;main.c: 115:             SSPCONbits.CKP = 1;
  1317  0076  1614               	bsf	20,4	;volatile
  1318  0077                     i1l81:	
  1319                           ;main.c: 116:             while(!SSPSTATbits.BF);
  1320                           
  1321  0077  1683               	bsf	3,5	;RP0=1, select bank1
  1322  0078  1303               	bcf	3,6	;RP1=0, select bank1
  1323  0079  1C14               	btfss	20,0	;volatile
  1324  007A  287C               	goto	u23_21
  1325  007B  287D               	goto	u23_20
  1326  007C                     u23_21:
  1327  007C  2877               	goto	i1l81
  1328  007D                     u23_20:
  1329  007D                     i1l953:
  1330                           
  1331                           ;main.c: 117:             BASURA = SSPBUF;
  1332  007D  1283               	bcf	3,5	;RP0=0, select bank0
  1333  007E  1303               	bcf	3,6	;RP1=0, select bank0
  1334  007F  0813               	movf	19,w	;volatile
  1335  0080  00F0               	movwf	??_isr
  1336  0081  0870               	movf	??_isr,w
  1337  0082  00F7               	movwf	_BASURA
  1338                           
  1339                           ;main.c: 118:             _delay((unsigned long)((200)*(8000000/4000000.0)));
  1340  0083  3085               	movlw	133
  1341  0084  00F0               	movwf	??_isr
  1342  0085                     u29_27:
  1343  0085  0BF0               	decfsz	??_isr,f
  1344  0086  2885               	goto	u29_27
  1345                           
  1346                           ;main.c: 120:         }else if(!SSPSTATbits.D_nA && SSPSTATbits.R_nW){
  1347  0087  28A8               	goto	i1l84
  1348  0088                     i1l80:
  1349  0088  1A94               	btfsc	20,5	;volatile
  1350  0089  288B               	goto	u24_21
  1351  008A  288C               	goto	u24_20
  1352  008B                     u24_21:
  1353  008B  28A8               	goto	i1l84
  1354  008C                     u24_20:
  1355  008C                     i1l955:
  1356  008C  1D14               	btfss	20,2	;volatile
  1357  008D  288F               	goto	u25_21
  1358  008E  2890               	goto	u25_20
  1359  008F                     u25_21:
  1360  008F  28A8               	goto	i1l84
  1361  0090                     u25_20:
  1362  0090                     i1l957:
  1363                           
  1364                           ;main.c: 121:             z = SSPBUF;
  1365  0090  1283               	bcf	3,5	;RP0=0, select bank0
  1366  0091  1303               	bcf	3,6	;RP1=0, select bank0
  1367  0092  0813               	movf	19,w	;volatile
  1368  0093  00F0               	movwf	??_isr
  1369  0094  0870               	movf	??_isr,w
  1370  0095  00F9               	movwf	_z
  1371  0096                     i1l959:
  1372                           
  1373                           ;main.c: 122:             BF = 0;
  1374  0096  1683               	bsf	3,5	;RP0=1, select bank1
  1375  0097  1303               	bcf	3,6	;RP1=0, select bank1
  1376  0098  1014               	bcf	20,0	;volatile
  1377                           
  1378                           ;main.c: 123:             SSPBUF = PARQUEO;
  1379  0099  087A               	movf	_PARQUEO,w
  1380  009A  1283               	bcf	3,5	;RP0=0, select bank0
  1381  009B  1303               	bcf	3,6	;RP1=0, select bank0
  1382  009C  0093               	movwf	19	;volatile
  1383  009D                     i1l961:
  1384                           
  1385                           ;main.c: 124:             SSPCONbits.CKP = 1;
  1386  009D  1614               	bsf	20,4	;volatile
  1387                           
  1388                           ;main.c: 125:             _delay((unsigned long)((200)*(8000000/4000000.0)));
  1389  009E  3085               	movlw	133
  1390  009F  00F0               	movwf	??_isr
  1391  00A0                     u30_27:
  1392  00A0  0BF0               	decfsz	??_isr,f
  1393  00A1  28A0               	goto	u30_27
  1394  00A2                     i1l86:	
  1395                           ;main.c: 126:             while(SSPSTATbits.BF);
  1396                           
  1397  00A2  1683               	bsf	3,5	;RP0=1, select bank1
  1398  00A3  1303               	bcf	3,6	;RP1=0, select bank1
  1399  00A4  1814               	btfsc	20,0	;volatile
  1400  00A5  28A7               	goto	u26_21
  1401  00A6  28A8               	goto	u26_20
  1402  00A7                     u26_21:
  1403  00A7  28A2               	goto	i1l86
  1404  00A8                     u26_20:
  1405  00A8                     i1l84:
  1406                           
  1407                           ;main.c: 129:         PIR1bits.SSPIF = 0;
  1408  00A8  1283               	bcf	3,5	;RP0=0, select bank0
  1409  00A9  1303               	bcf	3,6	;RP1=0, select bank0
  1410  00AA  118C               	bcf	12,3	;volatile
  1411  00AB                     i1l89:
  1412  00AB  0872               	movf	??_isr+2,w
  1413  00AC  008A               	movwf	10
  1414  00AD  0E71               	swapf	??_isr+1,w
  1415  00AE  0083               	movwf	3
  1416  00AF  0EFE               	swapf	btemp,f
  1417  00B0  0E7E               	swapf	btemp,w
  1418  00B1  0009               	retfie
  1419  00B2                     __end_of_isr:
  1420  007E                     btemp	set	126	;btemp
  1421  007E                     wtemp0	set	126
  1422                           
  1423                           	psect	intentry
  1424  0004                     __pintentry:	
  1425                           ;incstack = 0
  1426                           ; Regs used in _isr: [wreg+status,2+status,0]
  1427                           
  1428  0004                     interrupt_function:
  1429  007E                     saved_w	set	btemp
  1430  0004  00FE               	movwf	btemp
  1431  0005  0E03               	swapf	3,w
  1432  0006  00F1               	movwf	??_isr+1
  1433  0007  080A               	movf	10,w
  1434  0008  00F2               	movwf	??_isr+2
  1435  0009  120A  118A  2818   	ljmp	_isr
  1436                           
  1437                           	psect	config
  1438                           
  1439                           ;Config register CONFIG1 @ 0x2007
  1440                           ;	Oscillator Selection bits
  1441                           ;	FOSC = INTRC_NOCLKOUT, INTOSCIO oscillator: I/O function on RA6/OSC2/CLKOUT pin, I/O f
      +                          unction on RA7/OSC1/CLKIN
  1442                           ;	Watchdog Timer Enable bit
  1443                           ;	WDTE = OFF, WDT disabled and can be enabled by SWDTEN bit of the WDTCON register
  1444                           ;	Power-up Timer Enable bit
  1445                           ;	PWRTE = OFF, PWRT disabled
  1446                           ;	RE3/MCLR pin function select bit
  1447                           ;	MCLRE = OFF, RE3/MCLR pin function is digital input, MCLR internally tied to VDD
  1448                           ;	Code Protection bit
  1449                           ;	CP = OFF, Program memory code protection is disabled
  1450                           ;	Data Code Protection bit
  1451                           ;	CPD = OFF, Data memory code protection is disabled
  1452                           ;	Brown Out Reset Selection bits
  1453                           ;	BOREN = OFF, BOR disabled
  1454                           ;	Internal External Switchover bit
  1455                           ;	IESO = OFF, Internal/External Switchover mode is disabled
  1456                           ;	Fail-Safe Clock Monitor Enabled bit
  1457                           ;	FCMEN = OFF, Fail-Safe Clock Monitor is disabled
  1458                           ;	Low Voltage Programming Enable bit
  1459                           ;	LVP = OFF, RB3 pin has digital I/O, HV on MCLR must be used for programming
  1460                           ;	In-Circuit Debugger Mode bit
  1461                           ;	DEBUG = 0x1, unprogrammed default
  1462  2007                     	org	8199
  1463  2007  20D4               	dw	8404
  1464                           
  1465                           ;Config register CONFIG2 @ 0x2008
  1466                           ;	Brown-out Reset Selection bit
  1467                           ;	BOR4V = BOR40V, Brown-out Reset set to 4.0V
  1468                           ;	Flash Program Memory Self Write Enable bits
  1469                           ;	WRT = OFF, Write protection off
  1470  2008                     	org	8200
  1471  2008  3FFF               	dw	16383

Data Sizes:
    Strings     0
    Constant    0
    Data        0
    BSS         5
    Persistent  0
    Stack       0

Auto Spaces:
    Space          Size  Autos    Used
    COMMON           14      7      12
    BANK0            80      0       0
    BANK1            80      0       0
    BANK3            96      0       0
    BANK2            96      0       0

Pointer List with Targets:

    None.

Critical Paths under _main in COMMON

    _main->_setup
    _setup->_osc_config

Critical Paths under _isr in COMMON

    None.

Critical Paths under _main in BANK0

    None.

Critical Paths under _isr in BANK0

    None.

Critical Paths under _main in BANK1

    None.

Critical Paths under _isr in BANK1

    None.

Critical Paths under _main in BANK3

    None.

Critical Paths under _isr in BANK3

    None.

Critical Paths under _main in BANK2

    None.

Critical Paths under _isr in BANK2

    None.

Call Graph Tables:

 ---------------------------------------------------------------------------------
 (Depth) Function   	        Calls       Base Space   Used Autos Params    Refs
 ---------------------------------------------------------------------------------
 (0) _main                                                 0     0      0      30
                              _setup
 ---------------------------------------------------------------------------------
 (1) _setup                                                1     1      0      30
                                              6 COMMON     1     1      0
                     _I2C_Slave_Init
                         _osc_config
 ---------------------------------------------------------------------------------
 (2) _osc_config                                           3     3      0      15
                                              3 COMMON     3     3      0
 ---------------------------------------------------------------------------------
 (2) _I2C_Slave_Init                                       1     1      0      15
                                              3 COMMON     1     1      0
 ---------------------------------------------------------------------------------
 Estimated maximum stack depth 2
 ---------------------------------------------------------------------------------
 (Depth) Function   	        Calls       Base Space   Used Autos Params    Refs
 ---------------------------------------------------------------------------------
 (3) _isr                                                  3     3      0       0
                                              0 COMMON     3     3      0
 ---------------------------------------------------------------------------------
 Estimated maximum stack depth 3
 ---------------------------------------------------------------------------------

 Call Graph Graphs:

 _main (ROOT)
   _setup
     _I2C_Slave_Init
     _osc_config

 _isr (ROOT)

 Address spaces:
Name               Size   Autos  Total    Cost      Usage
BITCOMMON            E      0       0       0        0.0%
EEDATA             100      0       0       0        0.0%
NULL                 0      0       0       0        0.0%
CODE                 0      0       0       0        0.0%
COMMON               E      7       C       1       85.7%
BITSFR0              0      0       0       1        0.0%
SFR0                 0      0       0       1        0.0%
BITSFR1              0      0       0       2        0.0%
SFR1                 0      0       0       2        0.0%
STACK                0      0       0       2        0.0%
ABS                  0      0       C       3        0.0%
BITBANK0            50      0       0       4        0.0%
BITSFR3              0      0       0       4        0.0%
SFR3                 0      0       0       4        0.0%
BANK0               50      0       0       5        0.0%
BITSFR2              0      0       0       5        0.0%
SFR2                 0      0       0       5        0.0%
BITBANK1            50      0       0       6        0.0%
BANK1               50      0       0       7        0.0%
BITBANK3            60      0       0       8        0.0%
BANK3               60      0       0       9        0.0%
BITBANK2            60      0       0      10        0.0%
BANK2               60      0       0      11        0.0%
DATA                 0      0       C      12        0.0%


Microchip Technology PIC Macro Assembler V2.32 build 20210201212658 
Symbol Table                                                                                   Fri Aug 20 19:13:04 2021

                      _z 0079              _SSPSTATbits 0094                       _BF 04A0  
                     l94 017D                       l95 017D                       u10 00E9  
                     u11 00E8                       u20 00EF                       u21 00EE  
                     u30 00F5                       u31 00F4                       u40 00FE  
                     u41 00FD                       u50 0104                       u51 0103  
                     u60 010A                       u61 0109                       u70 0115  
                     u71 0114                       u80 011F                       u81 011E  
                     _cc 0078                      l102 00F5                      l111 0126  
                    l122 015D                      l107 0121                      l177 0177  
                    l801 016F                      l803 0170                      l811 00B9  
                    l805 0171                      l821 00C1                      l813 00BB  
                    l807 0174                      l831 00CB                      l823 00C2  
                    l815 00BC                      l841 00D2                      l833 00CE  
                    l825 00C3                      l817 00BD                      l809 00B2  
                    l771 0129                      l851 00D8                      l843 00D3  
                    l835 00CF                      l827 00C4                      l819 00BE  
                    l781 013F                      l773 012F                      l861 00E9  
                    l853 00D9                      l845 00D5                      l837 00D0  
                    l829 00C5                      l783 0141                      l775 0131  
                    l871 010A                      l863 00EF                      l855 00DA  
                    l847 00D6                      l839 00D1                      l785 0145  
                    l777 0137                      l769 0128                      l873 010F  
                    l881 0121                      l865 00F8                      l857 00E0  
                    l849 00D7                      l795 015F                      l779 0139  
                    l883 0122                      l875 0115                      l867 00FE  
                    l859 00E4                      l963 0178                      l797 016D  
                    l789 0147                      l885 0123                      l877 011A  
                    l869 0104                      l799 016E                      l887 0124  
                    l879 011F                      l889 0125                      _GIE 005F  
                    _isr 0018                     l1025 014F                     ?_isr 0070  
                   _PEIE 005E                     i1l70 0025                     i1l80 0088  
                   i1l72 0033                     i1l81 0077                     i1l74 0041  
                   i1l84 00A8                     i1l86 00A2                     i1l89 00AB  
                   _main 0178                     btemp 007E                     start 000C  
         osc_config@freq 0075                    ??_isr 0070                    ?_main 0070  
                  _ANSEL 0188                    i1l901 001E                    i1l911 0032  
                  i1l903 0024                    i1l921 0045                    i1l913 0037  
                  i1l905 0029                    i1l931 0055                    i1l923 0049  
                  i1l915 003B                    i1l907 002D                    i1l941 0064  
                  i1l933 005A                    i1l925 004A                    i1l917 003C  
                  i1l909 002E                    i1l951 0076                    i1l943 0065  
                  i1l935 005E                    i1l927 004E                    i1l919 0040  
                  i1l961 009D                    i1l953 007D                    i1l945 006B  
                  i1l937 0062                    i1l929 004F                    i1l955 008C  
                  i1l947 006F                    i1l939 0063                    i1l957 0090  
                  i1l949 0075                    i1l959 0096                    i1l895 0018  
                  i1l897 001C                    i1l899 001D                    u11_20 001C  
                  u11_21 001B                    u20_20 005E                    u12_20 0024  
                  u20_21 005D                    u12_21 0023                    u21_20 006B  
                  u13_20 0029                    u21_21 006A                    u13_21 0028  
                  u22_20 006F                    u14_20 0032                    u22_21 006E  
                  u14_21 0031                    u30_27 00A0                    u23_20 007D  
                  u15_20 0037                    u23_21 007C                    u15_21 0036  
                  u24_20 008C                    u16_20 0040                    u24_21 008B  
                  u16_21 003F                    u25_20 0090                    u17_20 0045  
                  u25_21 008F                    u17_21 0044                    u26_20 00A8  
                  u18_20 0055                    u26_21 00A7                    u18_21 0054  
                  u19_20 005A                    u19_21 0059                    _PORTA 0005  
                  _PORTB 0006                    _PORTC 0007                    _PORTD 0008  
                  _PORTE 0009                    u29_27 0085                    _TRISA 0085  
                  _TRISB 0086                    _TRISC 0087                    _TRISD 0088  
                  _SSPIE 0463                    _SSPIF 0063                    _setup 00B2  
                  pclath 000A                    status 0003                    wtemp0 007E  
        __initialization 000F             __end_of_main 0181                   ??_main 0077  
                 _BASURA 0077                   ?_setup 0070                   _ANSELH 0189  
                 _SSPADD 0093                   _TRISC3 043B                   _TRISC4 043C  
                 _SSPBUF 0013                   _SSPCON 0014                   saved_w 007E  
__end_of__initialization 0014           __pcstackCOMMON 0070  __size_of_I2C_Slave_Init 001A  
          __end_of_setup 0127                  ??_setup 0076    I2C_Slave_Init@address 0073  
             __pmaintext 0178               __pintentry 0004                  _PARQUEO 007A  
                _SSPCON2 0091                  _SSPSTAT 0094                  __ptext1 00B2  
                __ptext2 0127                  __ptext3 015E                  __ptext4 0018  
           __size_of_isr 009A     end_of_initialization 0014               _osc_config 0127  
         _I2C_Slave_Init 015E                _PORTBbits 0006                _PORTDbits 0008  
              _TRISCbits 0087                _TRISEbits 0089   __end_of_I2C_Slave_Init 0178  
    start_initialization 000F              __end_of_isr 00B2              ?_osc_config 0070  
        ?_I2C_Slave_Init 0070              __pbssCOMMON 0077                ___latbits 0002  
    __size_of_osc_config 0037           __size_of_setup 0075        interrupt_function 0004  
               _IOCBbits 0096                 _PIR1bits 000C              _antirrebote 007B  
               _WPUBbits 0095         ??_I2C_Slave_Init 0073             ??_osc_config 0073  
          __size_of_main 0009               _INTCONbits 000B       __end_of_osc_config 015E  
               intlevel1 0000               _OSCCONbits 008F               _OPTION_REG 0081  
            _SSPCON2bits 0091               _SSPCONbits 0014  
