

Microchip MPLAB XC8 Assembler V2.32 build 20210201212658 
                                                                                               Fri Aug 20 19:15:52 2021

Microchip MPLAB XC8 C Compiler v2.32 (Free license) build 20210201212658 Og1 
     1                           	processor	16F887
     2                           	pagewidth 120
     3                           	opt	flic
     4                           	psect	cinit,global,class=CODE,merge=1,delta=2
     5                           	psect	bssCOMMON,global,class=COMMON,space=1,delta=1,noexec
     6                           	psect	cstackCOMMON,global,class=COMMON,space=1,delta=1,noexec
     7                           	psect	maintext,global,class=CODE,split=1,delta=2
     8                           	psect	text1,local,class=CODE,merge=1,delta=2
     9                           	psect	text2,local,class=CODE,merge=1,delta=2
    10                           	psect	text3,local,class=CODE,merge=1,delta=2
    11                           	psect	text4,local,class=CODE,merge=1,delta=2
    12                           	psect	intentry,global,class=CODE,delta=2
    13                           	psect	config,global,abs,ovrld,class=CONFIG,space=4,delta=2,noexec
    14                           	dabs	1,0x7E,2
    15  0000                     
    16                           ; Version 2.20
    17                           ; Generated 12/02/2020 GMT
    18                           ; 
    19                           ; Copyright © 2020, Microchip Technology Inc. and its subsidiaries ("Microchip")
    20                           ; All rights reserved.
    21                           ; 
    22                           ; This software is developed by Microchip Technology Inc. and its subsidiaries ("Microch
      +                          ip").
    23                           ; 
    24                           ; Redistribution and use in source and binary forms, with or without modification, are
    25                           ; permitted provided that the following conditions are met:
    26                           ; 
    27                           ;     1. Redistributions of source code must retain the above copyright notice, this lis
      +                          t of
    28                           ;        conditions and the following disclaimer.
    29                           ; 
    30                           ;     2. Redistributions in binary form must reproduce the above copyright notice, this 
      +                          list
    31                           ;        of conditions and the following disclaimer in the documentation and/or other
    32                           ;        materials provided with the distribution.
    33                           ; 
    34                           ;     3. Microchip's name may not be used to endorse or promote products derived from th
      +                          is
    35                           ;        software without specific prior written permission.
    36                           ; 
    37                           ; THIS SOFTWARE IS PROVIDED BY MICROCHIP "AS IS" AND ANY EXPRESS OR IMPLIED WARRANTIES,
    38                           ; INCLUDING, BUT NOT LIMITED TO, THE IMPLIED WARRANTIES OF MERCHANTABILITY AND FITNESS F
      +                          OR
    39                           ; PURPOSE ARE DISCLAIMED.  IN NO EVENT SHALL MICROCHIP BE LIABLE FOR ANY DIRECT, INDIREC
      +                          T,
    40                           ; INCIDENTAL, SPECIAL, EXEMPLARY, OR CONSEQUENTIAL DAMAGES (INCLUDING BUT NOT LIMITED TO
    41                           ; PROCUREMENT OF SUBSTITUTE GOODS OR SERVICES; LOSS OF USE, DATA OR PROFITS; OR BUSINESS
    42                           ; INTERRUPTION) HOWSOEVER CAUSED AND ON ANY THEORY OF LIABILITY, WHETHER IN CONTRACT, ST
      +                          RICT
    43                           ; LIABILITY, OR TORT (INCLUDING NEGLIGENCE OR OTHERWISE) ARISING IN ANY WAY OUT OF THE U
      +                          SE OF
    44                           ; THIS SOFTWARE, EVEN IF ADVISED OF THE POSSIBILITY OF SUCH DAMAGE.
    45                           ; 
    46                           ; 
    47                           ; Code-generator required, PIC16F887 Definitions
    48                           ; 
    49                           ; SFR Addresses
    50  0000                     	;# 
    51  0001                     	;# 
    52  0002                     	;# 
    53  0003                     	;# 
    54  0004                     	;# 
    55  0005                     	;# 
    56  0006                     	;# 
    57  0007                     	;# 
    58  0008                     	;# 
    59  0009                     	;# 
    60  000A                     	;# 
    61  000B                     	;# 
    62  000C                     	;# 
    63  000D                     	;# 
    64  000E                     	;# 
    65  000E                     	;# 
    66  000F                     	;# 
    67  0010                     	;# 
    68  0011                     	;# 
    69  0012                     	;# 
    70  0013                     	;# 
    71  0014                     	;# 
    72  0015                     	;# 
    73  0015                     	;# 
    74  0016                     	;# 
    75  0017                     	;# 
    76  0018                     	;# 
    77  0019                     	;# 
    78  001A                     	;# 
    79  001B                     	;# 
    80  001B                     	;# 
    81  001C                     	;# 
    82  001D                     	;# 
    83  001E                     	;# 
    84  001F                     	;# 
    85  0081                     	;# 
    86  0085                     	;# 
    87  0086                     	;# 
    88  0087                     	;# 
    89  0088                     	;# 
    90  0089                     	;# 
    91  008C                     	;# 
    92  008D                     	;# 
    93  008E                     	;# 
    94  008F                     	;# 
    95  0090                     	;# 
    96  0091                     	;# 
    97  0092                     	;# 
    98  0093                     	;# 
    99  0093                     	;# 
   100  0093                     	;# 
   101  0094                     	;# 
   102  0095                     	;# 
   103  0096                     	;# 
   104  0097                     	;# 
   105  0098                     	;# 
   106  0099                     	;# 
   107  009A                     	;# 
   108  009B                     	;# 
   109  009C                     	;# 
   110  009D                     	;# 
   111  009E                     	;# 
   112  009F                     	;# 
   113  0105                     	;# 
   114  0107                     	;# 
   115  0108                     	;# 
   116  0109                     	;# 
   117  010C                     	;# 
   118  010C                     	;# 
   119  010D                     	;# 
   120  010E                     	;# 
   121  010F                     	;# 
   122  0185                     	;# 
   123  0187                     	;# 
   124  0188                     	;# 
   125  0189                     	;# 
   126  018C                     	;# 
   127  018D                     	;# 
   128  0000                     	;# 
   129  0001                     	;# 
   130  0002                     	;# 
   131  0003                     	;# 
   132  0004                     	;# 
   133  0005                     	;# 
   134  0006                     	;# 
   135  0007                     	;# 
   136  0008                     	;# 
   137  0009                     	;# 
   138  000A                     	;# 
   139  000B                     	;# 
   140  000C                     	;# 
   141  000D                     	;# 
   142  000E                     	;# 
   143  000E                     	;# 
   144  000F                     	;# 
   145  0010                     	;# 
   146  0011                     	;# 
   147  0012                     	;# 
   148  0013                     	;# 
   149  0014                     	;# 
   150  0015                     	;# 
   151  0015                     	;# 
   152  0016                     	;# 
   153  0017                     	;# 
   154  0018                     	;# 
   155  0019                     	;# 
   156  001A                     	;# 
   157  001B                     	;# 
   158  001B                     	;# 
   159  001C                     	;# 
   160  001D                     	;# 
   161  001E                     	;# 
   162  001F                     	;# 
   163  0081                     	;# 
   164  0085                     	;# 
   165  0086                     	;# 
   166  0087                     	;# 
   167  0088                     	;# 
   168  0089                     	;# 
   169  008C                     	;# 
   170  008D                     	;# 
   171  008E                     	;# 
   172  008F                     	;# 
   173  0090                     	;# 
   174  0091                     	;# 
   175  0092                     	;# 
   176  0093                     	;# 
   177  0093                     	;# 
   178  0093                     	;# 
   179  0094                     	;# 
   180  0095                     	;# 
   181  0096                     	;# 
   182  0097                     	;# 
   183  0098                     	;# 
   184  0099                     	;# 
   185  009A                     	;# 
   186  009B                     	;# 
   187  009C                     	;# 
   188  009D                     	;# 
   189  009E                     	;# 
   190  009F                     	;# 
   191  0105                     	;# 
   192  0107                     	;# 
   193  0108                     	;# 
   194  0109                     	;# 
   195  010C                     	;# 
   196  010C                     	;# 
   197  010D                     	;# 
   198  010E                     	;# 
   199  010F                     	;# 
   200  0185                     	;# 
   201  0187                     	;# 
   202  0188                     	;# 
   203  0189                     	;# 
   204  018C                     	;# 
   205  018D                     	;# 
   206  0000                     	;# 
   207  0001                     	;# 
   208  0002                     	;# 
   209  0003                     	;# 
   210  0004                     	;# 
   211  0005                     	;# 
   212  0006                     	;# 
   213  0007                     	;# 
   214  0008                     	;# 
   215  0009                     	;# 
   216  000A                     	;# 
   217  000B                     	;# 
   218  000C                     	;# 
   219  000D                     	;# 
   220  000E                     	;# 
   221  000E                     	;# 
   222  000F                     	;# 
   223  0010                     	;# 
   224  0011                     	;# 
   225  0012                     	;# 
   226  0013                     	;# 
   227  0014                     	;# 
   228  0015                     	;# 
   229  0015                     	;# 
   230  0016                     	;# 
   231  0017                     	;# 
   232  0018                     	;# 
   233  0019                     	;# 
   234  001A                     	;# 
   235  001B                     	;# 
   236  001B                     	;# 
   237  001C                     	;# 
   238  001D                     	;# 
   239  001E                     	;# 
   240  001F                     	;# 
   241  0081                     	;# 
   242  0085                     	;# 
   243  0086                     	;# 
   244  0087                     	;# 
   245  0088                     	;# 
   246  0089                     	;# 
   247  008C                     	;# 
   248  008D                     	;# 
   249  008E                     	;# 
   250  008F                     	;# 
   251  0090                     	;# 
   252  0091                     	;# 
   253  0092                     	;# 
   254  0093                     	;# 
   255  0093                     	;# 
   256  0093                     	;# 
   257  0094                     	;# 
   258  0095                     	;# 
   259  0096                     	;# 
   260  0097                     	;# 
   261  0098                     	;# 
   262  0099                     	;# 
   263  009A                     	;# 
   264  009B                     	;# 
   265  009C                     	;# 
   266  009D                     	;# 
   267  009E                     	;# 
   268  009F                     	;# 
   269  0105                     	;# 
   270  0107                     	;# 
   271  0108                     	;# 
   272  0109                     	;# 
   273  010C                     	;# 
   274  010C                     	;# 
   275  010D                     	;# 
   276  010E                     	;# 
   277  010F                     	;# 
   278  0185                     	;# 
   279  0187                     	;# 
   280  0188                     	;# 
   281  0189                     	;# 
   282  018C                     	;# 
   283  018D                     	;# 
   284  0000                     	;# 
   285  0001                     	;# 
   286  0002                     	;# 
   287  0003                     	;# 
   288  0004                     	;# 
   289  0005                     	;# 
   290  0006                     	;# 
   291  0007                     	;# 
   292  0008                     	;# 
   293  0009                     	;# 
   294  000A                     	;# 
   295  000B                     	;# 
   296  000C                     	;# 
   297  000D                     	;# 
   298  000E                     	;# 
   299  000E                     	;# 
   300  000F                     	;# 
   301  0010                     	;# 
   302  0011                     	;# 
   303  0012                     	;# 
   304  0013                     	;# 
   305  0014                     	;# 
   306  0015                     	;# 
   307  0015                     	;# 
   308  0016                     	;# 
   309  0017                     	;# 
   310  0018                     	;# 
   311  0019                     	;# 
   312  001A                     	;# 
   313  001B                     	;# 
   314  001B                     	;# 
   315  001C                     	;# 
   316  001D                     	;# 
   317  001E                     	;# 
   318  001F                     	;# 
   319  0081                     	;# 
   320  0085                     	;# 
   321  0086                     	;# 
   322  0087                     	;# 
   323  0088                     	;# 
   324  0089                     	;# 
   325  008C                     	;# 
   326  008D                     	;# 
   327  008E                     	;# 
   328  008F                     	;# 
   329  0090                     	;# 
   330  0091                     	;# 
   331  0092                     	;# 
   332  0093                     	;# 
   333  0093                     	;# 
   334  0093                     	;# 
   335  0094                     	;# 
   336  0095                     	;# 
   337  0096                     	;# 
   338  0097                     	;# 
   339  0098                     	;# 
   340  0099                     	;# 
   341  009A                     	;# 
   342  009B                     	;# 
   343  009C                     	;# 
   344  009D                     	;# 
   345  009E                     	;# 
   346  009F                     	;# 
   347  0105                     	;# 
   348  0107                     	;# 
   349  0108                     	;# 
   350  0109                     	;# 
   351  010C                     	;# 
   352  010C                     	;# 
   353  010D                     	;# 
   354  010E                     	;# 
   355  010F                     	;# 
   356  0185                     	;# 
   357  0187                     	;# 
   358  0188                     	;# 
   359  0189                     	;# 
   360  018C                     	;# 
   361  018D                     	;# 
   362  000B                     _INTCONbits	set	11
   363  0009                     _PORTE	set	9
   364  0008                     _PORTD	set	8
   365  0007                     _PORTC	set	7
   366  0006                     _PORTB	set	6
   367  0005                     _PORTA	set	5
   368  0005                     _PORTAbits	set	5
   369  0014                     _SSPCONbits	set	20
   370  000C                     _PIR1bits	set	12
   371  0013                     _SSPBUF	set	19
   372  0014                     _SSPCON	set	20
   373  0063                     _SSPIF	set	99
   374  005E                     _PEIE	set	94
   375  005F                     _GIE	set	95
   376  008F                     _OSCCONbits	set	143
   377  0081                     _OPTION_REG	set	129
   378  0089                     _TRISEbits	set	137
   379  0088                     _TRISD	set	136
   380  0087                     _TRISC	set	135
   381  0086                     _TRISB	set	134
   382  0085                     _TRISA	set	133
   383  0094                     _SSPSTATbits	set	148
   384  0091                     _SSPCON2bits	set	145
   385  0087                     _TRISCbits	set	135
   386  0094                     _SSPSTAT	set	148
   387  0093                     _SSPADD	set	147
   388  0091                     _SSPCON2	set	145
   389  04A0                     _BF	set	1184
   390  0463                     _SSPIE	set	1123
   391  043C                     _TRISC4	set	1084
   392  043B                     _TRISC3	set	1083
   393  0189                     _ANSELH	set	393
   394  0188                     _ANSEL	set	392
   395                           
   396                           	psect	cinit
   397  000F                     start_initialization:	
   398                           ; #config settings
   399                           
   400  000F                     __initialization:
   401                           
   402                           ; Clear objects allocated to COMMON
   403  000F  01F6               	clrf	__pbssCOMMON& (0+127)
   404  0010  01F7               	clrf	(__pbssCOMMON+1)& (0+127)
   405  0011  01F8               	clrf	(__pbssCOMMON+2)& (0+127)
   406  0012                     end_of_initialization:	
   407                           ;End of C runtime variable initialization code
   408                           
   409  0012                     __end_of__initialization:
   410  0012  0183               	clrf	3
   411  0013  120A  118A  28F1   	ljmp	_main	;jump to C main() function
   412                           
   413                           	psect	bssCOMMON
   414  0076                     __pbssCOMMON:
   415  0076                     _z:
   416  0076                     	ds	1
   417  0077                     _CERRADO:
   418  0077                     	ds	1
   419  0078                     _BASURA:
   420  0078                     	ds	1
   421                           
   422                           	psect	cstackCOMMON
   423  0070                     __pcstackCOMMON:
   424  0070                     ?_setup:
   425  0070                     ?_osc_config:	
   426                           ; 1 bytes @ 0x0
   427                           
   428  0070                     ?_I2C_Slave_Init:	
   429                           ; 1 bytes @ 0x0
   430                           
   431  0070                     ?_isr:	
   432                           ; 1 bytes @ 0x0
   433                           
   434  0070                     ??_isr:	
   435                           ; 1 bytes @ 0x0
   436                           
   437  0070                     ?_main:	
   438                           ; 1 bytes @ 0x0
   439                           
   440                           
   441                           ; 1 bytes @ 0x0
   442  0070                     	ds	3
   443  0073                     ??_osc_config:
   444  0073                     ??_I2C_Slave_Init:	
   445                           ; 1 bytes @ 0x3
   446                           
   447  0073                     I2C_Slave_Init@address:	
   448                           ; 1 bytes @ 0x3
   449                           
   450                           
   451                           ; 1 bytes @ 0x3
   452  0073                     	ds	2
   453  0075                     osc_config@freq:
   454                           
   455                           ; 1 bytes @ 0x5
   456  0075                     	ds	1
   457  0076                     ??_setup:
   458  0076                     ??_main:	
   459                           ; 1 bytes @ 0x6
   460                           
   461                           
   462                           	psect	maintext
   463  00F1                     __pmaintext:	
   464                           ; 1 bytes @ 0x6
   465 ;;
   466 ;;Main: autosize = 0, tempsize = 0, incstack = 0, save=0
   467 ;;
   468 ;; *************** function _main *****************
   469 ;; Defined at:
   470 ;;		line 100 in file "main.c"
   471 ;; Parameters:    Size  Location     Type
   472 ;;		None
   473 ;; Auto vars:     Size  Location     Type
   474 ;;		None
   475 ;; Return value:  Size  Location     Type
   476 ;;                  1    wreg      void 
   477 ;; Registers used:
   478 ;;		wreg, fsr0l, fsr0h, status,2, status,0, pclath, cstack
   479 ;; Tracked objects:
   480 ;;		On entry : B00/0
   481 ;;		On exit  : 0/0
   482 ;;		Unchanged: 0/0
   483 ;; Data sizes:     COMMON   BANK0   BANK1   BANK3   BANK2
   484 ;;      Params:         0       0       0       0       0
   485 ;;      Locals:         0       0       0       0       0
   486 ;;      Temps:          0       0       0       0       0
   487 ;;      Totals:         0       0       0       0       0
   488 ;;Total ram usage:        0 bytes
   489 ;; Hardware stack levels required when called: 3
   490 ;; This function calls:
   491 ;;		_setup
   492 ;; This function is called by:
   493 ;;		Startup code after reset
   494 ;; This function uses a non-reentrant model
   495 ;;
   496                           
   497                           
   498                           ;psect for function _main
   499  00F1                     _main:
   500  00F1                     l877:	
   501                           ;incstack = 0
   502                           ; Regs used in _main: [wreg-fsr0h+status,2+status,0+pclath+cstack]
   503                           
   504                           
   505                           ;main.c: 103:     setup();
   506  00F1  120A  118A  20B0  120A  118A  	fcall	_setup
   507  00F6                     l879:
   508                           
   509                           ;main.c: 106:     {;main.c: 107:         PORTAbits.RA0 = CERRADO;
   510  00F6  0C77               	rrf	_CERRADO,w
   511  00F7  1283               	bcf	3,5	;RP0=0, select bank0
   512  00F8  1303               	bcf	3,6	;RP1=0, select bank0
   513  00F9  1C03               	skipc
   514  00FA  1005               	bcf	5,0	;volatile
   515  00FB  1803               	skipnc
   516  00FC  1405               	bsf	5,0	;volatile
   517  00FD  28F6               	goto	l879
   518  00FE  120A  118A  280C   	ljmp	start
   519  0101                     __end_of_main:
   520                           
   521                           	psect	text1
   522  00B0                     __ptext1:	
   523 ;; *************** function _setup *****************
   524 ;; Defined at:
   525 ;;		line 114 in file "main.c"
   526 ;; Parameters:    Size  Location     Type
   527 ;;		None
   528 ;; Auto vars:     Size  Location     Type
   529 ;;		None
   530 ;; Return value:  Size  Location     Type
   531 ;;                  1    wreg      void 
   532 ;; Registers used:
   533 ;;		wreg, fsr0l, fsr0h, status,2, status,0, pclath, cstack
   534 ;; Tracked objects:
   535 ;;		On entry : 0/0
   536 ;;		On exit  : 0/0
   537 ;;		Unchanged: 0/0
   538 ;; Data sizes:     COMMON   BANK0   BANK1   BANK3   BANK2
   539 ;;      Params:         0       0       0       0       0
   540 ;;      Locals:         0       0       0       0       0
   541 ;;      Temps:          0       0       0       0       0
   542 ;;      Totals:         0       0       0       0       0
   543 ;;Total ram usage:        0 bytes
   544 ;; Hardware stack levels used: 1
   545 ;; Hardware stack levels required when called: 2
   546 ;; This function calls:
   547 ;;		_I2C_Slave_Init
   548 ;;		_osc_config
   549 ;; This function is called by:
   550 ;;		_main
   551 ;; This function uses a non-reentrant model
   552 ;;
   553                           
   554                           
   555                           ;psect for function _setup
   556  00B0                     _setup:
   557  00B0                     l785:	
   558                           ;incstack = 0
   559                           ; Regs used in _setup: [wreg-fsr0h+status,2+status,0+pclath+cstack]
   560                           
   561                           
   562                           ;main.c: 117:     ANSEL=0;
   563  00B0  1683               	bsf	3,5	;RP0=1, select bank3
   564  00B1  1703               	bsf	3,6	;RP1=1, select bank3
   565  00B2  0188               	clrf	8	;volatile
   566                           
   567                           ;main.c: 118:     ANSELH=0;
   568  00B3  0189               	clrf	9	;volatile
   569                           
   570                           ;main.c: 120:     TRISA = 0;
   571  00B4  1683               	bsf	3,5	;RP0=1, select bank1
   572  00B5  1303               	bcf	3,6	;RP1=0, select bank1
   573  00B6  0185               	clrf	5	;volatile
   574                           
   575                           ;main.c: 121:     TRISB = 0;
   576  00B7  0186               	clrf	6	;volatile
   577                           
   578                           ;main.c: 122:     TRISC = 0;
   579  00B8  0187               	clrf	7	;volatile
   580                           
   581                           ;main.c: 123:     TRISD = 0;
   582  00B9  0188               	clrf	8	;volatile
   583  00BA                     l787:
   584                           
   585                           ;main.c: 124:     TRISEbits.TRISE0=0;
   586  00BA  1009               	bcf	9,0	;volatile
   587                           
   588                           ;main.c: 127:     PORTA=0;
   589  00BB  1283               	bcf	3,5	;RP0=0, select bank0
   590  00BC  1303               	bcf	3,6	;RP1=0, select bank0
   591  00BD  0185               	clrf	5	;volatile
   592                           
   593                           ;main.c: 128:     PORTB=0;
   594  00BE  0186               	clrf	6	;volatile
   595                           
   596                           ;main.c: 129:     PORTC=0;
   597  00BF  0187               	clrf	7	;volatile
   598                           
   599                           ;main.c: 130:     PORTD=0;
   600  00C0  0188               	clrf	8	;volatile
   601                           
   602                           ;main.c: 131:     PORTE=0;
   603  00C1  0189               	clrf	9	;volatile
   604  00C2                     l789:
   605                           
   606                           ;main.c: 133:     osc_config(8);
   607  00C2  3008               	movlw	8
   608  00C3  120A  118A  2079  120A  118A  	fcall	_osc_config
   609  00C8                     l791:
   610                           
   611                           ;main.c: 134:     OPTION_REG = 0b01010111;
   612  00C8  3057               	movlw	87
   613  00C9  1683               	bsf	3,5	;RP0=1, select bank1
   614  00CA  1303               	bcf	3,6	;RP1=0, select bank1
   615  00CB  0081               	movwf	1	;volatile
   616  00CC                     l793:
   617                           
   618                           ;main.c: 137:     INTCONbits.GIE=1;
   619  00CC  178B               	bsf	11,7	;volatile
   620  00CD                     l795:
   621                           
   622                           ;main.c: 138:     INTCONbits.PEIE = 1;
   623  00CD  170B               	bsf	11,6	;volatile
   624  00CE                     l797:
   625                           
   626                           ;main.c: 139:     INTCONbits.RBIE=0;
   627  00CE  118B               	bcf	11,3	;volatile
   628  00CF                     l799:
   629                           
   630                           ;main.c: 140:     INTCONbits.RBIF=0;
   631  00CF  100B               	bcf	11,0	;volatile
   632  00D0                     l801:
   633                           
   634                           ;main.c: 141:     I2C_Slave_Init(0x60);
   635  00D0  3060               	movlw	96
   636  00D1  120A  118A  20D7  120A  118A  	fcall	_I2C_Slave_Init
   637  00D6                     l138:
   638  00D6  0008               	return
   639  00D7                     __end_of_setup:
   640                           
   641                           	psect	text2
   642  0079                     __ptext2:	
   643 ;; *************** function _osc_config *****************
   644 ;; Defined at:
   645 ;;		line 17 in file "Osc_config.c"
   646 ;; Parameters:    Size  Location     Type
   647 ;;  freq            1    wreg     unsigned char 
   648 ;; Auto vars:     Size  Location     Type
   649 ;;  freq            1    5[COMMON] unsigned char 
   650 ;; Return value:  Size  Location     Type
   651 ;;                  1    wreg      void 
   652 ;; Registers used:
   653 ;;		wreg, fsr0l, fsr0h, status,2, status,0
   654 ;; Tracked objects:
   655 ;;		On entry : 0/0
   656 ;;		On exit  : 0/0
   657 ;;		Unchanged: 0/0
   658 ;; Data sizes:     COMMON   BANK0   BANK1   BANK3   BANK2
   659 ;;      Params:         0       0       0       0       0
   660 ;;      Locals:         1       0       0       0       0
   661 ;;      Temps:          2       0       0       0       0
   662 ;;      Totals:         3       0       0       0       0
   663 ;;Total ram usage:        3 bytes
   664 ;; Hardware stack levels used: 1
   665 ;; Hardware stack levels required when called: 1
   666 ;; This function calls:
   667 ;;		Nothing
   668 ;; This function is called by:
   669 ;;		_setup
   670 ;; This function uses a non-reentrant model
   671 ;;
   672                           
   673                           
   674                           ;psect for function _osc_config
   675  0079                     _osc_config:
   676                           
   677                           ;incstack = 0
   678                           ; Regs used in _osc_config: [wreg-fsr0h+status,2+status,0]
   679                           ;osc_config@freq stored from wreg
   680  0079  00F5               	movwf	osc_config@freq
   681  007A                     l755:
   682                           
   683                           ;Osc_config.c: 17: void osc_config(uint8_t freq);Osc_config.c: 18: {;Osc_config.c: 19:  
      +                             switch(freq)
   684  007A  2899               	goto	l775
   685  007B                     l757:
   686                           
   687                           ;Osc_config.c: 22:             OSCCONbits.IRCF=0b100;
   688  007B  1683               	bsf	3,5	;RP0=1, select bank1
   689  007C  1303               	bcf	3,6	;RP1=0, select bank1
   690  007D  080F               	movf	15,w	;volatile
   691  007E  398F               	andlw	-113
   692  007F  3840               	iorlw	64
   693  0080  008F               	movwf	15	;volatile
   694  0081                     l759:
   695                           
   696                           ;Osc_config.c: 23:             OSCCONbits.SCS=1;
   697  0081  140F               	bsf	15,0	;volatile
   698                           
   699                           ;Osc_config.c: 24:             break;
   700  0082  28AF               	goto	l149
   701  0083                     l761:
   702                           
   703                           ;Osc_config.c: 27:             OSCCONbits.IRCF=0b101;
   704  0083  1683               	bsf	3,5	;RP0=1, select bank1
   705  0084  1303               	bcf	3,6	;RP1=0, select bank1
   706  0085  080F               	movf	15,w	;volatile
   707  0086  398F               	andlw	-113
   708  0087  3850               	iorlw	80
   709  0088  008F               	movwf	15	;volatile
   710  0089                     l763:
   711                           
   712                           ;Osc_config.c: 28:             OSCCONbits.SCS=1;
   713  0089  140F               	bsf	15,0	;volatile
   714                           
   715                           ;Osc_config.c: 29:             break;
   716  008A  28AF               	goto	l149
   717  008B                     l765:
   718                           
   719                           ;Osc_config.c: 32:             OSCCONbits.IRCF=0b110;
   720  008B  1683               	bsf	3,5	;RP0=1, select bank1
   721  008C  1303               	bcf	3,6	;RP1=0, select bank1
   722  008D  080F               	movf	15,w	;volatile
   723  008E  398F               	andlw	-113
   724  008F  3860               	iorlw	96
   725  0090  008F               	movwf	15	;volatile
   726  0091                     l767:
   727                           
   728                           ;Osc_config.c: 33:             OSCCONbits.SCS=1;
   729  0091  140F               	bsf	15,0	;volatile
   730                           
   731                           ;Osc_config.c: 34:             break;
   732  0092  28AF               	goto	l149
   733  0093                     l769:
   734                           
   735                           ;Osc_config.c: 37:             OSCCONbits.IRCF=0b111;
   736  0093  3070               	movlw	112
   737  0094  1683               	bsf	3,5	;RP0=1, select bank1
   738  0095  1303               	bcf	3,6	;RP1=0, select bank1
   739  0096  048F               	iorwf	15,f	;volatile
   740  0097                     l771:
   741                           
   742                           ;Osc_config.c: 38:             OSCCONbits.SCS=1;
   743  0097  140F               	bsf	15,0	;volatile
   744                           
   745                           ;Osc_config.c: 39:             break;
   746  0098  28AF               	goto	l149
   747  0099                     l775:
   748  0099  0875               	movf	osc_config@freq,w
   749  009A  00F3               	movwf	??_osc_config
   750  009B  01F4               	clrf	??_osc_config+1
   751                           
   752                           ; Switch on 2 bytes has been partitioned into a top level switch of size 1, and 1 sub-sw
      +                          itches
   753                           ; Switch size 1, requested type "simple"
   754                           ; Number of cases is 1, Range of values is 0 to 0
   755                           ; switch strategies available:
   756                           ; Name         Instructions Cycles
   757                           ; simple_byte            4     3 (average)
   758                           ; direct_byte           11     8 (fixed)
   759                           ; jumptable            260     6 (fixed)
   760                           ;	Chosen strategy is simple_byte
   761  009C  0874               	movf	??_osc_config+1,w
   762  009D  3A00               	xorlw	0	; case 0
   763  009E  1903               	skipnz
   764  009F  28A1               	goto	l901
   765  00A0  28AF               	goto	l149
   766  00A1                     l901:
   767                           
   768                           ; Switch size 1, requested type "simple"
   769                           ; Number of cases is 4, Range of values is 1 to 8
   770                           ; switch strategies available:
   771                           ; Name         Instructions Cycles
   772                           ; simple_byte           13     7 (average)
   773                           ; direct_byte           35    11 (fixed)
   774                           ; jumptable            263     9 (fixed)
   775                           ;	Chosen strategy is simple_byte
   776  00A1  0873               	movf	??_osc_config,w
   777  00A2  3A01               	xorlw	1	; case 1
   778  00A3  1903               	skipnz
   779  00A4  287B               	goto	l757
   780  00A5  3A03               	xorlw	3	; case 2
   781  00A6  1903               	skipnz
   782  00A7  2883               	goto	l761
   783  00A8  3A06               	xorlw	6	; case 4
   784  00A9  1903               	skipnz
   785  00AA  288B               	goto	l765
   786  00AB  3A0C               	xorlw	12	; case 8
   787  00AC  1903               	skipnz
   788  00AD  2893               	goto	l769
   789  00AE  28AF               	goto	l149
   790  00AF                     l149:
   791  00AF  0008               	return
   792  00B0                     __end_of_osc_config:
   793                           
   794                           	psect	text3
   795  00D7                     __ptext3:	
   796 ;; *************** function _I2C_Slave_Init *****************
   797 ;; Defined at:
   798 ;;		line 93 in file "I2C.c"
   799 ;; Parameters:    Size  Location     Type
   800 ;;  address         1    wreg     unsigned char 
   801 ;; Auto vars:     Size  Location     Type
   802 ;;  address         1    3[COMMON] unsigned char 
   803 ;; Return value:  Size  Location     Type
   804 ;;                  1    wreg      void 
   805 ;; Registers used:
   806 ;;		wreg
   807 ;; Tracked objects:
   808 ;;		On entry : 0/0
   809 ;;		On exit  : 0/0
   810 ;;		Unchanged: 0/0
   811 ;; Data sizes:     COMMON   BANK0   BANK1   BANK3   BANK2
   812 ;;      Params:         0       0       0       0       0
   813 ;;      Locals:         1       0       0       0       0
   814 ;;      Temps:          0       0       0       0       0
   815 ;;      Totals:         1       0       0       0       0
   816 ;;Total ram usage:        1 bytes
   817 ;; Hardware stack levels used: 1
   818 ;; Hardware stack levels required when called: 1
   819 ;; This function calls:
   820 ;;		Nothing
   821 ;; This function is called by:
   822 ;;		_setup
   823 ;; This function uses a non-reentrant model
   824 ;;
   825                           
   826                           
   827                           ;psect for function _I2C_Slave_Init
   828  00D7                     _I2C_Slave_Init:
   829                           
   830                           ;incstack = 0
   831                           ; Regs used in _I2C_Slave_Init: [wreg]
   832                           ;I2C_Slave_Init@address stored from wreg
   833  00D7  00F3               	movwf	I2C_Slave_Init@address
   834  00D8                     l741:
   835                           
   836                           ;I2C.c: 93: void I2C_Slave_Init(uint8_t address);I2C.c: 94: {;I2C.c: 95:     SSPADD = ad
      +                          dress;
   837  00D8  0873               	movf	I2C_Slave_Init@address,w
   838  00D9  1683               	bsf	3,5	;RP0=1, select bank1
   839  00DA  1303               	bcf	3,6	;RP1=0, select bank1
   840  00DB  0093               	movwf	19	;volatile
   841                           
   842                           ;I2C.c: 96:     SSPCON = 0x36;
   843  00DC  3036               	movlw	54
   844  00DD  1283               	bcf	3,5	;RP0=0, select bank0
   845  00DE  1303               	bcf	3,6	;RP1=0, select bank0
   846  00DF  0094               	movwf	20	;volatile
   847                           
   848                           ;I2C.c: 97:     SSPSTAT = 0x80;
   849  00E0  3080               	movlw	128
   850  00E1  1683               	bsf	3,5	;RP0=1, select bank1
   851  00E2  1303               	bcf	3,6	;RP1=0, select bank1
   852  00E3  0094               	movwf	20	;volatile
   853                           
   854                           ;I2C.c: 98:     SSPCON2 = 0x01;
   855  00E4  3001               	movlw	1
   856  00E5  0091               	movwf	17	;volatile
   857  00E6                     l743:
   858                           
   859                           ;I2C.c: 99:     TRISC3 = 1;
   860  00E6  1587               	bsf	7,3	;volatile
   861  00E7                     l745:
   862                           
   863                           ;I2C.c: 100:     TRISC4 = 1;
   864  00E7  1607               	bsf	7,4	;volatile
   865  00E8                     l747:
   866                           
   867                           ;I2C.c: 101:     GIE = 1;
   868  00E8  178B               	bsf	11,7	;volatile
   869  00E9                     l749:
   870                           
   871                           ;I2C.c: 102:     PEIE = 1;
   872  00E9  170B               	bsf	11,6	;volatile
   873  00EA                     l751:
   874                           
   875                           ;I2C.c: 103:     SSPIF = 0;
   876  00EA  1283               	bcf	3,5	;RP0=0, select bank0
   877  00EB  1303               	bcf	3,6	;RP1=0, select bank0
   878  00EC  118C               	bcf	12,3	;volatile
   879  00ED                     l753:
   880                           
   881                           ;I2C.c: 104:     SSPIE = 1;
   882  00ED  1683               	bsf	3,5	;RP0=1, select bank1
   883  00EE  1303               	bcf	3,6	;RP1=0, select bank1
   884  00EF  158C               	bsf	12,3	;volatile
   885  00F0                     l55:
   886  00F0  0008               	return
   887  00F1                     __end_of_I2C_Slave_Init:
   888                           
   889                           	psect	text4
   890  0016                     __ptext4:	
   891 ;; *************** function _isr *****************
   892 ;; Defined at:
   893 ;;		line 62 in file "main.c"
   894 ;; Parameters:    Size  Location     Type
   895 ;;		None
   896 ;; Auto vars:     Size  Location     Type
   897 ;;		None
   898 ;; Return value:  Size  Location     Type
   899 ;;                  1    wreg      void 
   900 ;; Registers used:
   901 ;;		wreg
   902 ;; Tracked objects:
   903 ;;		On entry : 0/0
   904 ;;		On exit  : 0/0
   905 ;;		Unchanged: 0/0
   906 ;; Data sizes:     COMMON   BANK0   BANK1   BANK3   BANK2
   907 ;;      Params:         0       0       0       0       0
   908 ;;      Locals:         0       0       0       0       0
   909 ;;      Temps:          3       0       0       0       0
   910 ;;      Totals:         3       0       0       0       0
   911 ;;Total ram usage:        3 bytes
   912 ;; Hardware stack levels used: 1
   913 ;; This function calls:
   914 ;;		Nothing
   915 ;; This function is called by:
   916 ;;		Interrupt level 1
   917 ;; This function uses a non-reentrant model
   918 ;;
   919                           
   920                           
   921                           ;psect for function _isr
   922  0016                     _isr:
   923  0016                     i1l843:
   924                           
   925                           ;main.c: 64:     if(PIR1bits.SSPIF == 1){
   926  0016  1283               	bcf	3,5	;RP0=0, select bank0
   927  0017  1303               	bcf	3,6	;RP1=0, select bank0
   928  0018  1D8C               	btfss	12,3	;volatile
   929  0019  281B               	goto	u5_21
   930  001A  281C               	goto	u5_20
   931  001B                     u5_21:
   932  001B  2872               	goto	i1l127
   933  001C                     u5_20:
   934  001C                     i1l845:
   935                           
   936                           ;main.c: 66:         SSPCONbits.CKP = 0;
   937  001C  1214               	bcf	20,4	;volatile
   938                           
   939                           ;main.c: 68:         if ((SSPCONbits.SSPOV) || (SSPCONbits.WCOL)){
   940  001D  1B14               	btfsc	20,6	;volatile
   941  001E  2820               	goto	u6_21
   942  001F  2821               	goto	u6_20
   943  0020                     u6_21:
   944  0020  2825               	goto	i1l849
   945  0021                     u6_20:
   946  0021                     i1l847:
   947  0021  1F94               	btfss	20,7	;volatile
   948  0022  2824               	goto	u7_21
   949  0023  2825               	goto	u7_20
   950  0024                     u7_21:
   951  0024  282C               	goto	i1l857
   952  0025                     u7_20:
   953  0025                     i1l849:
   954                           
   955                           ;main.c: 69:             z = SSPBUF;
   956  0025  0813               	movf	19,w	;volatile
   957  0026  00F0               	movwf	??_isr
   958  0027  0870               	movf	??_isr,w
   959  0028  00F6               	movwf	_z
   960  0029                     i1l851:
   961                           
   962                           ;main.c: 70:             SSPCONbits.SSPOV = 0;
   963  0029  1314               	bcf	20,6	;volatile
   964  002A                     i1l853:
   965                           
   966                           ;main.c: 71:             SSPCONbits.WCOL = 0;
   967  002A  1394               	bcf	20,7	;volatile
   968  002B                     i1l855:
   969                           
   970                           ;main.c: 72:             SSPCONbits.CKP = 1;
   971  002B  1614               	bsf	20,4	;volatile
   972  002C                     i1l857:
   973                           
   974                           ;main.c: 75:         if(!SSPSTATbits.D_nA && !SSPSTATbits.R_nW) {
   975  002C  1683               	bsf	3,5	;RP0=1, select bank1
   976  002D  1303               	bcf	3,6	;RP1=0, select bank1
   977  002E  1A94               	btfsc	20,5	;volatile
   978  002F  2831               	goto	u8_21
   979  0030  2832               	goto	u8_20
   980  0031                     u8_21:
   981  0031  284F               	goto	i1l118
   982  0032                     u8_20:
   983  0032                     i1l859:
   984  0032  1914               	btfsc	20,2	;volatile
   985  0033  2835               	goto	u9_21
   986  0034  2836               	goto	u9_20
   987  0035                     u9_21:
   988  0035  284F               	goto	i1l118
   989  0036                     u9_20:
   990  0036                     i1l861:
   991                           
   992                           ;main.c: 76:             z = SSPBUF;
   993  0036  1283               	bcf	3,5	;RP0=0, select bank0
   994  0037  1303               	bcf	3,6	;RP1=0, select bank0
   995  0038  0813               	movf	19,w	;volatile
   996  0039  00F0               	movwf	??_isr
   997  003A  0870               	movf	??_isr,w
   998  003B  00F6               	movwf	_z
   999  003C                     i1l863:
  1000                           
  1001                           ;main.c: 77:             PIR1bits.SSPIF = 0;
  1002  003C  118C               	bcf	12,3	;volatile
  1003  003D                     i1l865:
  1004                           
  1005                           ;main.c: 78:             SSPCONbits.CKP = 1;
  1006  003D  1614               	bsf	20,4	;volatile
  1007  003E                     i1l119:	
  1008                           ;main.c: 79:             while(!SSPSTATbits.BF);
  1009                           
  1010  003E  1683               	bsf	3,5	;RP0=1, select bank1
  1011  003F  1303               	bcf	3,6	;RP1=0, select bank1
  1012  0040  1C14               	btfss	20,0	;volatile
  1013  0041  2843               	goto	u10_21
  1014  0042  2844               	goto	u10_20
  1015  0043                     u10_21:
  1016  0043  283E               	goto	i1l119
  1017  0044                     u10_20:
  1018  0044                     i1l867:
  1019                           
  1020                           ;main.c: 80:             CERRADO = SSPBUF;
  1021  0044  1283               	bcf	3,5	;RP0=0, select bank0
  1022  0045  1303               	bcf	3,6	;RP1=0, select bank0
  1023  0046  0813               	movf	19,w	;volatile
  1024  0047  00F0               	movwf	??_isr
  1025  0048  0870               	movf	??_isr,w
  1026  0049  00F7               	movwf	_CERRADO
  1027                           
  1028                           ;main.c: 81:             _delay((unsigned long)((200)*(8000000/4000000.0)));
  1029  004A  3085               	movlw	133
  1030  004B  00F0               	movwf	??_isr
  1031  004C                     u14_27:
  1032  004C  0BF0               	decfsz	??_isr,f
  1033  004D  284C               	goto	u14_27
  1034                           
  1035                           ;main.c: 83:         }else if(!SSPSTATbits.D_nA && SSPSTATbits.R_nW){
  1036  004E  286F               	goto	i1l122
  1037  004F                     i1l118:
  1038  004F  1A94               	btfsc	20,5	;volatile
  1039  0050  2852               	goto	u11_21
  1040  0051  2853               	goto	u11_20
  1041  0052                     u11_21:
  1042  0052  286F               	goto	i1l122
  1043  0053                     u11_20:
  1044  0053                     i1l869:
  1045  0053  1D14               	btfss	20,2	;volatile
  1046  0054  2856               	goto	u12_21
  1047  0055  2857               	goto	u12_20
  1048  0056                     u12_21:
  1049  0056  286F               	goto	i1l122
  1050  0057                     u12_20:
  1051  0057                     i1l871:
  1052                           
  1053                           ;main.c: 84:             z = SSPBUF;
  1054  0057  1283               	bcf	3,5	;RP0=0, select bank0
  1055  0058  1303               	bcf	3,6	;RP1=0, select bank0
  1056  0059  0813               	movf	19,w	;volatile
  1057  005A  00F0               	movwf	??_isr
  1058  005B  0870               	movf	??_isr,w
  1059  005C  00F6               	movwf	_z
  1060  005D                     i1l873:
  1061                           
  1062                           ;main.c: 85:             BF = 0;
  1063  005D  1683               	bsf	3,5	;RP0=1, select bank1
  1064  005E  1303               	bcf	3,6	;RP1=0, select bank1
  1065  005F  1014               	bcf	20,0	;volatile
  1066                           
  1067                           ;main.c: 86:             SSPBUF = BASURA;
  1068  0060  0878               	movf	_BASURA,w
  1069  0061  1283               	bcf	3,5	;RP0=0, select bank0
  1070  0062  1303               	bcf	3,6	;RP1=0, select bank0
  1071  0063  0093               	movwf	19	;volatile
  1072  0064                     i1l875:
  1073                           
  1074                           ;main.c: 87:             SSPCONbits.CKP = 1;
  1075  0064  1614               	bsf	20,4	;volatile
  1076                           
  1077                           ;main.c: 88:             _delay((unsigned long)((200)*(8000000/4000000.0)));
  1078  0065  3085               	movlw	133
  1079  0066  00F0               	movwf	??_isr
  1080  0067                     u15_27:
  1081  0067  0BF0               	decfsz	??_isr,f
  1082  0068  2867               	goto	u15_27
  1083  0069                     i1l124:	
  1084                           ;main.c: 89:             while(SSPSTATbits.BF);
  1085                           
  1086  0069  1683               	bsf	3,5	;RP0=1, select bank1
  1087  006A  1303               	bcf	3,6	;RP1=0, select bank1
  1088  006B  1814               	btfsc	20,0	;volatile
  1089  006C  286E               	goto	u13_21
  1090  006D  286F               	goto	u13_20
  1091  006E                     u13_21:
  1092  006E  2869               	goto	i1l124
  1093  006F                     u13_20:
  1094  006F                     i1l122:
  1095                           
  1096                           ;main.c: 92:         PIR1bits.SSPIF = 0;
  1097  006F  1283               	bcf	3,5	;RP0=0, select bank0
  1098  0070  1303               	bcf	3,6	;RP1=0, select bank0
  1099  0071  118C               	bcf	12,3	;volatile
  1100  0072                     i1l127:
  1101  0072  0872               	movf	??_isr+2,w
  1102  0073  008A               	movwf	10
  1103  0074  0E71               	swapf	??_isr+1,w
  1104  0075  0083               	movwf	3
  1105  0076  0EFE               	swapf	btemp,f
  1106  0077  0E7E               	swapf	btemp,w
  1107  0078  0009               	retfie
  1108  0079                     __end_of_isr:
  1109  007E                     btemp	set	126	;btemp
  1110  007E                     wtemp0	set	126
  1111                           
  1112                           	psect	intentry
  1113  0004                     __pintentry:	
  1114                           ;incstack = 0
  1115                           ; Regs used in _isr: [wreg]
  1116                           
  1117  0004                     interrupt_function:
  1118  007E                     saved_w	set	btemp
  1119  0004  00FE               	movwf	btemp
  1120  0005  0E03               	swapf	3,w
  1121  0006  00F1               	movwf	??_isr+1
  1122  0007  080A               	movf	10,w
  1123  0008  00F2               	movwf	??_isr+2
  1124  0009  120A  118A  2816   	ljmp	_isr
  1125                           
  1126                           	psect	config
  1127                           
  1128                           ;Config register CONFIG1 @ 0x2007
  1129                           ;	Oscillator Selection bits
  1130                           ;	FOSC = INTRC_NOCLKOUT, INTOSCIO oscillator: I/O function on RA6/OSC2/CLKOUT pin, I/O f
      +                          unction on RA7/OSC1/CLKIN
  1131                           ;	Watchdog Timer Enable bit
  1132                           ;	WDTE = OFF, WDT disabled and can be enabled by SWDTEN bit of the WDTCON register
  1133                           ;	Power-up Timer Enable bit
  1134                           ;	PWRTE = OFF, PWRT disabled
  1135                           ;	RE3/MCLR pin function select bit
  1136                           ;	MCLRE = OFF, RE3/MCLR pin function is digital input, MCLR internally tied to VDD
  1137                           ;	Code Protection bit
  1138                           ;	CP = OFF, Program memory code protection is disabled
  1139                           ;	Data Code Protection bit
  1140                           ;	CPD = OFF, Data memory code protection is disabled
  1141                           ;	Brown Out Reset Selection bits
  1142                           ;	BOREN = OFF, BOR disabled
  1143                           ;	Internal External Switchover bit
  1144                           ;	IESO = OFF, Internal/External Switchover mode is disabled
  1145                           ;	Fail-Safe Clock Monitor Enabled bit
  1146                           ;	FCMEN = OFF, Fail-Safe Clock Monitor is disabled
  1147                           ;	Low Voltage Programming Enable bit
  1148                           ;	LVP = OFF, RB3 pin has digital I/O, HV on MCLR must be used for programming
  1149                           ;	In-Circuit Debugger Mode bit
  1150                           ;	DEBUG = 0x1, unprogrammed default
  1151  2007                     	org	8199
  1152  2007  20D4               	dw	8404
  1153                           
  1154                           ;Config register CONFIG2 @ 0x2008
  1155                           ;	Brown-out Reset Selection bit
  1156                           ;	BOR4V = BOR40V, Brown-out Reset set to 4.0V
  1157                           ;	Flash Program Memory Self Write Enable bits
  1158                           ;	WRT = OFF, Write protection off
  1159  2008                     	org	8200
  1160  2008  3FFF               	dw	16383

Data Sizes:
    Strings     0
    Constant    0
    Data        0
    BSS         3
    Persistent  0
    Stack       0

Auto Spaces:
    Space          Size  Autos    Used
    COMMON           14      6       9
    BANK0            80      0       0
    BANK1            80      0       0
    BANK3            96      0       0
    BANK2            96      0       0

Pointer List with Targets:

    None.

Critical Paths under _main in COMMON

    _setup->_osc_config

Critical Paths under _isr in COMMON

    None.

Critical Paths under _main in BANK0

    None.

Critical Paths under _isr in BANK0

    None.

Critical Paths under _main in BANK1

    None.

Critical Paths under _isr in BANK1

    None.

Critical Paths under _main in BANK3

    None.

Critical Paths under _isr in BANK3

    None.

Critical Paths under _main in BANK2

    None.

Critical Paths under _isr in BANK2

    None.

Call Graph Tables:

 ---------------------------------------------------------------------------------
 (Depth) Function   	        Calls       Base Space   Used Autos Params    Refs
 ---------------------------------------------------------------------------------
 (0) _main                                                 0     0      0      30
                              _setup
 ---------------------------------------------------------------------------------
 (1) _setup                                                0     0      0      30
                     _I2C_Slave_Init
                         _osc_config
 ---------------------------------------------------------------------------------
 (2) _osc_config                                           3     3      0      15
                                              3 COMMON     3     3      0
 ---------------------------------------------------------------------------------
 (2) _I2C_Slave_Init                                       1     1      0      15
                                              3 COMMON     1     1      0
 ---------------------------------------------------------------------------------
 Estimated maximum stack depth 2
 ---------------------------------------------------------------------------------
 (Depth) Function   	        Calls       Base Space   Used Autos Params    Refs
 ---------------------------------------------------------------------------------
 (3) _isr                                                  3     3      0       0
                                              0 COMMON     3     3      0
 ---------------------------------------------------------------------------------
 Estimated maximum stack depth 3
 ---------------------------------------------------------------------------------

 Call Graph Graphs:

 _main (ROOT)
   _setup
     _I2C_Slave_Init
     _osc_config

 _isr (ROOT)

 Address spaces:
Name               Size   Autos  Total    Cost      Usage
BITCOMMON            E      0       0       0        0.0%
EEDATA             100      0       0       0        0.0%
NULL                 0      0       0       0        0.0%
CODE                 0      0       0       0        0.0%
COMMON               E      6       9       1       64.3%
BITSFR0              0      0       0       1        0.0%
SFR0                 0      0       0       1        0.0%
BITSFR1              0      0       0       2        0.0%
SFR1                 0      0       0       2        0.0%
STACK                0      0       0       2        0.0%
ABS                  0      0       9       3        0.0%
BITBANK0            50      0       0       4        0.0%
BITSFR3              0      0       0       4        0.0%
SFR3                 0      0       0       4        0.0%
BANK0               50      0       0       5        0.0%
BITSFR2              0      0       0       5        0.0%
SFR2                 0      0       0       5        0.0%
BITBANK1            50      0       0       6        0.0%
BANK1               50      0       0       7        0.0%
BITBANK3            60      0       0       8        0.0%
BANK3               60      0       0       9        0.0%
BITBANK2            60      0       0      10        0.0%
BANK2               60      0       0      11        0.0%
DATA                 0      0       9      12        0.0%


Microchip Technology PIC Macro Assembler V2.32 build 20210201212658 
Symbol Table                                                                                   Fri Aug 20 19:15:52 2021

                      _z 0076              _SSPSTATbits 0094                       _BF 04A0  
                     l55 00F0                      l138 00D6                      l149 00AF  
                    l801 00D0                      l741 00D8                      l901 00A1  
                    l751 00EA                      l743 00E6                      l753 00ED  
                    l745 00E7                      l761 0083                      l747 00E8  
                    l771 0097                      l763 0089                      l755 007A  
                    l749 00E9                      l765 008B                      l757 007B  
                    l767 0091                      l759 0081                      l775 0099  
                    l791 00C8                      l769 0093                      l793 00CC  
                    l785 00B0                      l795 00CD                      l787 00BA  
                    l797 00CE                      l789 00C2                      l877 00F1  
                    l799 00CF                      l879 00F6                      _GIE 005F  
                    _isr 0016                     ?_isr 0070                     _PEIE 005E  
                   u5_20 001C                     u5_21 001B                     u6_20 0021  
                   u6_21 0020                     u7_20 0025                     u7_21 0024  
                   u8_20 0032                     u8_21 0031                     u9_20 0036  
                   u9_21 0035                     _main 00F1                     btemp 007E  
                   start 000C           osc_config@freq 0075                    ??_isr 0070  
                  ?_main 0070                    _ANSEL 0188                    i1l122 006F  
                  i1l124 0069                    i1l118 004F                    i1l119 003E  
                  i1l127 0072                    i1l851 0029                    i1l843 0016  
                  i1l861 0036                    i1l853 002A                    i1l845 001C  
                  i1l871 0057                    i1l863 003C                    i1l855 002B  
                  i1l847 0021                    i1l873 005D                    i1l865 003D  
                  i1l857 002C                    i1l849 0025                    i1l875 0064  
                  i1l867 0044                    i1l859 0032                    i1l869 0053  
                  u10_20 0044                    u10_21 0043                    u11_20 0053  
                  u11_21 0052                    u12_20 0057                    u12_21 0056  
                  u13_20 006F                    u13_21 006E                    u14_27 004C  
                  u15_27 0067                    _PORTA 0005                    _PORTB 0006  
                  _PORTC 0007                    _PORTD 0008                    _PORTE 0009  
                  _TRISA 0085                    _TRISB 0086                    _TRISC 0087  
                  _TRISD 0088                    _SSPIE 0463                    _SSPIF 0063  
                  _setup 00B0                    pclath 000A                    status 0003  
                  wtemp0 007E          __initialization 000F             __end_of_main 0101  
                 ??_main 0076                   _BASURA 0078                   ?_setup 0070  
                 _ANSELH 0189                   _SSPADD 0093                   _TRISC3 043B  
                 _TRISC4 043C                   _SSPCON 0014                   _SSPBUF 0013  
                 saved_w 007E  __end_of__initialization 0012           __pcstackCOMMON 0070  
__size_of_I2C_Slave_Init 001A            __end_of_setup 00D7                  ??_setup 0076  
  I2C_Slave_Init@address 0073               __pmaintext 00F1               __pintentry 0004  
                _CERRADO 0077                  _SSPCON2 0091                  _SSPSTAT 0094  
                __ptext1 00B0                  __ptext2 0079                  __ptext3 00D7  
                __ptext4 0016             __size_of_isr 0063     end_of_initialization 0012  
             _osc_config 0079           _I2C_Slave_Init 00D7                _PORTAbits 0005  
              _TRISCbits 0087                _TRISEbits 0089   __end_of_I2C_Slave_Init 00F1  
    start_initialization 000F              __end_of_isr 0079              ?_osc_config 0070  
        ?_I2C_Slave_Init 0070              __pbssCOMMON 0076                ___latbits 0002  
    __size_of_osc_config 0037           __size_of_setup 0027        interrupt_function 0004  
               _PIR1bits 000C         ??_I2C_Slave_Init 0073             ??_osc_config 0073  
          __size_of_main 0010               _INTCONbits 000B       __end_of_osc_config 00B0  
               intlevel1 0000               _OSCCONbits 008F               _OPTION_REG 0081  
            _SSPCON2bits 0091               _SSPCONbits 0014  
